#-----------------------------------------------------------
# Webtalk v2018.2 (64-bit)
# SW Build 2258646 on Thu Jun 14 20:03:12 MDT 2018
# 
# Start of session at: Fri Nov  1 00:49:34 2019
# Process ID: 18612
# Current directory: D:/Documents/Fontys/ES/adv_emb/git/floaty-wiggle-board/Floaty-wiggle-board/Floaty-wiggle-board.sdk/webtalk
# Command line: wbtcv.exe -mode batch -source sdk_webtalk.tcl
# Log file: D:/Documents/Fontys/ES/adv_emb/git/floaty-wiggle-board/Floaty-wiggle-board/Floaty-wiggle-board.sdk/webtalk/webtalk.log
# Journal file: D:/Documents/Fontys/ES/adv_emb/git/floaty-wiggle-board/Floaty-wiggle-board/Floaty-wiggle-board.sdk/webtalk\webtalk.jou
#-----------------------------------------------------------
source sdk_webtalk.tcl
# webtalk_init -webtalk_dir D:\\Documents\\Fontys\\ES\\adv_emb\\git\\floaty-wiggle-board\\Floaty-wiggle-board\\Floaty-wiggle-board.sdk\\webtalk
# webtalk_register_client -client project
# webtalk_add_data -client project -key date_generated -value "2019-11-01 00:49:23" -context "software_version_and_target_device"
# webtalk_add_data -client project -key product_version -value "SDK v2018.2" -context "software_version_and_target_device"
# webtalk_add_data -client project -key build_version -value "2018.2" -context "software_version_and_target_device"
# webtalk_add_data -client project -key os_platform -value "amd64" -context "software_version_and_target_device"
# webtalk_add_data -client project -key registration_id -value "" -context "software_version_and_target_device"
# webtalk_add_data -client project -key tool_flow -value "SDK" -context "software_version_and_target_device"
# webtalk_add_data -client project -key beta -value "false" -context "software_version_and_target_device"
# webtalk_add_data -client project -key route_design -value "NA" -context "software_version_and_target_device"
# webtalk_add_data -client project -key target_family -value "NA" -context "software_version_and_target_device"
# webtalk_add_data -client project -key target_device -value "NA" -context "software_version_and_target_device"
# webtalk_add_data -client project -key target_package -value "NA" -context "software_version_and_target_device"
# webtalk_add_data -client project -key target_speed -value "NA" -context "software_version_and_target_device"
# webtalk_add_data -client project -key random_id -value "johg4v6i3ffj626ov32v88d1ep" -context "software_version_and_target_device"
# webtalk_add_data -client project -key project_id -value "2018.2_8" -context "software_version_and_target_device"
# webtalk_add_data -client project -key project_iteration -value "8" -context "software_version_and_target_device"
# webtalk_add_data -client project -key os_name -value "Microsoft Windows 8 or later , 64-bit" -context "user_environment"
# webtalk_add_data -client project -key os_release -value "major release  (build 9200)" -context "user_environment"
# webtalk_add_data -client project -key cpu_name -value "Intel(R) Core(TM) i7-4710MQ CPU @ 2.50GHz" -context "user_environment"
# webtalk_add_data -client project -key cpu_speed -value "2494 MHz" -context "user_environment"
# webtalk_add_data -client project -key total_processors -value "1" -context "user_environment"
# webtalk_add_data -client project -key system_ram -value "8.463 GB" -context "user_environment"
# webtalk_register_client -client sdk
# webtalk_add_data -client sdk -key uid -value "1572523603477" -context "sdk\\\\hardware/1572523603477"
# webtalk_add_data -client sdk -key isZynq -value "true" -context "sdk\\\\hardware/1572523603477"
# webtalk_add_data -client sdk -key isZynqMP -value "false" -context "sdk\\\\hardware/1572523603477"
# webtalk_add_data -client sdk -key Processors -value "2" -context "sdk\\\\hardware/1572523603477"
# webtalk_add_data -client sdk -key VivadoVersion -value "2018.2" -context "sdk\\\\hardware/1572523603477"
# webtalk_add_data -client sdk -key Arch -value "zynq" -context "sdk\\\\hardware/1572523603477"
# webtalk_add_data -client sdk -key Device -value "7z010" -context "sdk\\\\hardware/1572523603477"
# webtalk_add_data -client sdk -key IsHandoff -value "true" -context "sdk\\\\hardware/1572523603477"
# webtalk_add_data -client sdk -key os -value "NA" -context "sdk\\\\hardware/1572523603477"
# webtalk_add_data -client sdk -key apptemplate -value "NA" -context "sdk\\\\hardware/1572523603477"
# webtalk_add_data -client sdk -key RecordType -value "HWCreation" -context "sdk\\\\hardware/1572523603477"
# webtalk_add_data -client sdk -key uid -value "1572523668269" -context "sdk\\\\bsp/1572523668269"
# webtalk_add_data -client sdk -key hwid -value "1571319835028" -context "sdk\\\\bsp/1572523668269"
# webtalk_add_data -client sdk -key os -value "standalone" -context "sdk\\\\bsp/1572523668269"
# webtalk_add_data -client sdk -key apptemplate -value "empty_application" -context "sdk\\\\bsp/1572523668269"
# webtalk_add_data -client sdk -key RecordType -value "BSPCreation" -context "sdk\\\\bsp/1572523668269"
# webtalk_add_data -client sdk -key uid -value "1572523670500" -context "sdk\\\\application/1572523670500"
# webtalk_add_data -client sdk -key hwid -value "1571319835028" -context "sdk\\\\application/1572523670500"
# webtalk_add_data -client sdk -key bspid -value "1572523668269" -context "sdk\\\\application/1572523670500"
# webtalk_add_data -client sdk -key newbsp -value "true" -context "sdk\\\\application/1572523670500"
# webtalk_add_data -client sdk -key os -value "standalone" -context "sdk\\\\application/1572523670500"
# webtalk_add_data -client sdk -key apptemplate -value "empty_application" -context "sdk\\\\application/1572523670500"
# webtalk_add_data -client sdk -key RecordType -value "APPCreation" -context "sdk\\\\application/1572523670500"
# webtalk_add_data -client sdk -key LangUsed -value "C" -context "sdk\\\\application/1572523670500"
# webtalk_add_data -client sdk -key Procused -value "ps7_cortexa9" -context "sdk\\\\application/1572523670500"
# webtalk_add_data -client sdk -key projSize -value "396.64453125" -context "sdk\\\\application/1572523670500"
# webtalk_add_data -client sdk -key uid -value "NA" -context "sdk\\\\bsp/1572565763899"
# webtalk_add_data -client sdk -key RecordType -value "ToolUsage" -context "sdk\\\\bsp/1572565763899"
# webtalk_add_data -client sdk -key BootgenCount -value "0" -context "sdk\\\\bsp/1572565763899"
# webtalk_add_data -client sdk -key DebugCount -value "92" -context "sdk\\\\bsp/1572565763899"
# webtalk_add_data -client sdk -key PerfCount -value "0" -context "sdk\\\\bsp/1572565763899"
# webtalk_add_data -client sdk -key FlashCount -value "0" -context "sdk\\\\bsp/1572565763899"
# webtalk_add_data -client sdk -key CrossTriggCount -value "0" -context "sdk\\\\bsp/1572565763899"
# webtalk_add_data -client sdk -key QemuDebugCount -value "0" -context "sdk\\\\bsp/1572565763899"
# webtalk_transmit -clientid 4111242549 -regid "" -xml D:\\Documents\\Fontys\\ES\\adv_emb\\git\\floaty-wiggle-board\\Floaty-wiggle-board\\Floaty-wiggle-board.sdk\\webtalk\\usage_statistics_ext_sdk.xml -html D:\\Documents\\Fontys\\ES\\adv_emb\\git\\floaty-wiggle-board\\Floaty-wiggle-board\\Floaty-wiggle-board.sdk\\webtalk\\usage_statistics_ext_sdk.html -wdm D:\\Documents\\Fontys\\ES\\adv_emb\\git\\floaty-wiggle-board\\Floaty-wiggle-board\\Floaty-wiggle-board.sdk\\webtalk\\sdk_webtalk.wdm -intro "<H3>SDK Usage Report</H3><BR>"
# webtalk_terminate
INFO: [Common 17-206] Exiting Webtalk at Fri Nov  1 00:49:34 2019...
