#-----------------------------------------------------------
# Webtalk v2018.2 (64-bit)
# SW Build 2258646 on Thu Jun 14 20:03:12 MDT 2018
# 
# Start of session at: Wed Oct 30 19:38:03 2019
# Process ID: 10900
# Current directory: D:/Documents/Fontys/ES/adv_emb/git/floaty-wiggle-board/Floaty-wiggle-board/Floaty-wiggle-board.sdk/webtalk
# Command line: wbtcv.exe -mode batch -source sdk_webtalk.tcl
# Log file: D:/Documents/Fontys/ES/adv_emb/git/floaty-wiggle-board/Floaty-wiggle-board/Floaty-wiggle-board.sdk/webtalk/webtalk.log
# Journal file: D:/Documents/Fontys/ES/adv_emb/git/floaty-wiggle-board/Floaty-wiggle-board/Floaty-wiggle-board.sdk/webtalk\webtalk.jou
#-----------------------------------------------------------
source sdk_webtalk.tcl
# webtalk_init -webtalk_dir D:\\Documents\\Fontys\\ES\\adv_emb\\git\\floaty-wiggle-board\\Floaty-wiggle-board\\Floaty-wiggle-board.sdk\\webtalk
# webtalk_register_client -client project
# webtalk_add_data -client project -key date_generated -value "2019-10-30 19:37:54" -context "software_version_and_target_device"
# webtalk_add_data -client project -key product_version -value "SDK v2018.2" -context "software_version_and_target_device"
# webtalk_add_data -client project -key build_version -value "2018.2" -context "software_version_and_target_device"
# webtalk_add_data -client project -key os_platform -value "amd64" -context "software_version_and_target_device"
# webtalk_add_data -client project -key registration_id -value "" -context "software_version_and_target_device"
# webtalk_add_data -client project -key tool_flow -value "SDK" -context "software_version_and_target_device"
# webtalk_add_data -client project -key beta -value "false" -context "software_version_and_target_device"
# webtalk_add_data -client project -key route_design -value "NA" -context "software_version_and_target_device"
# webtalk_add_data -client project -key target_family -value "NA" -context "software_version_and_target_device"
# webtalk_add_data -client project -key target_device -value "NA" -context "software_version_and_target_device"
# webtalk_add_data -client project -key target_package -value "NA" -context "software_version_and_target_device"
# webtalk_add_data -client project -key target_speed -value "NA" -context "software_version_and_target_device"
# webtalk_add_data -client project -key random_id -value "3r029nemhfc2h97rn1n852h4lg" -context "software_version_and_target_device"
# webtalk_add_data -client project -key project_id -value "2018.2_5" -context "software_version_and_target_device"
# webtalk_add_data -client project -key project_iteration -value "5" -context "software_version_and_target_device"
# webtalk_add_data -client project -key os_name -value "Microsoft Windows 8 or later , 64-bit" -context "user_environment"
# webtalk_add_data -client project -key os_release -value "major release  (build 9200)" -context "user_environment"
# webtalk_add_data -client project -key cpu_name -value "Intel(R) Core(TM) i7-4710MQ CPU @ 2.50GHz" -context "user_environment"
# webtalk_add_data -client project -key cpu_speed -value "2494 MHz" -context "user_environment"
# webtalk_add_data -client project -key total_processors -value "1" -context "user_environment"
# webtalk_add_data -client project -key system_ram -value "8.463 GB" -context "user_environment"
# webtalk_register_client -client sdk
# webtalk_add_data -client sdk -key uid -value "1572435825987" -context "sdk\\\\bsp/1572435825987"
# webtalk_add_data -client sdk -key hwid -value "1571319835028" -context "sdk\\\\bsp/1572435825987"
# webtalk_add_data -client sdk -key os -value "standalone" -context "sdk\\\\bsp/1572435825987"
# webtalk_add_data -client sdk -key apptemplate -value "empty_application" -context "sdk\\\\bsp/1572435825987"
# webtalk_add_data -client sdk -key RecordType -value "BSPCreation" -context "sdk\\\\bsp/1572435825987"
# webtalk_add_data -client sdk -key uid -value "1572435832293" -context "sdk\\\\application/1572435832293"
# webtalk_add_data -client sdk -key hwid -value "1571319835028" -context "sdk\\\\application/1572435832293"
# webtalk_add_data -client sdk -key bspid -value "1572435825987" -context "sdk\\\\application/1572435832293"
# webtalk_add_data -client sdk -key newbsp -value "true" -context "sdk\\\\application/1572435832293"
# webtalk_add_data -client sdk -key os -value "standalone" -context "sdk\\\\application/1572435832293"
# webtalk_add_data -client sdk -key apptemplate -value "empty_application" -context "sdk\\\\application/1572435832293"
# webtalk_add_data -client sdk -key RecordType -value "APPCreation" -context "sdk\\\\application/1572435832293"
# webtalk_add_data -client sdk -key LangUsed -value "C" -context "sdk\\\\application/1572435832293"
# webtalk_add_data -client sdk -key Procused -value "ps7_cortexa9" -context "sdk\\\\application/1572435832293"
# webtalk_add_data -client sdk -key uid -value "NA" -context "sdk\\\\bsp/1572460674006"
# webtalk_add_data -client sdk -key RecordType -value "ToolUsage" -context "sdk\\\\bsp/1572460674006"
# webtalk_add_data -client sdk -key BootgenCount -value "0" -context "sdk\\\\bsp/1572460674006"
# webtalk_add_data -client sdk -key DebugCount -value "53" -context "sdk\\\\bsp/1572460674006"
# webtalk_add_data -client sdk -key PerfCount -value "0" -context "sdk\\\\bsp/1572460674006"
# webtalk_add_data -client sdk -key FlashCount -value "0" -context "sdk\\\\bsp/1572460674006"
# webtalk_add_data -client sdk -key CrossTriggCount -value "0" -context "sdk\\\\bsp/1572460674006"
# webtalk_add_data -client sdk -key QemuDebugCount -value "0" -context "sdk\\\\bsp/1572460674006"
# webtalk_transmit -clientid 2639933758 -regid "" -xml D:\\Documents\\Fontys\\ES\\adv_emb\\git\\floaty-wiggle-board\\Floaty-wiggle-board\\Floaty-wiggle-board.sdk\\webtalk\\usage_statistics_ext_sdk.xml -html D:\\Documents\\Fontys\\ES\\adv_emb\\git\\floaty-wiggle-board\\Floaty-wiggle-board\\Floaty-wiggle-board.sdk\\webtalk\\usage_statistics_ext_sdk.html -wdm D:\\Documents\\Fontys\\ES\\adv_emb\\git\\floaty-wiggle-board\\Floaty-wiggle-board\\Floaty-wiggle-board.sdk\\webtalk\\sdk_webtalk.wdm -intro "<H3>SDK Usage Report</H3><BR>"
INFO: [Common 17-186] 'D:\Documents\Fontys\ES\adv_emb\git\floaty-wiggle-board\Floaty-wiggle-board\Floaty-wiggle-board.sdk\webtalk\usage_statistics_ext_sdk.xml' has been successfully sent to Xilinx on Wed Oct 30 19:38:07 2019. For additional details about this file, please refer to the WebTalk help file at D:/D_Programs/Xilinx/SDK/2018.2/doc/webtalk_introduction.html.
# webtalk_terminate
INFO: [Common 17-206] Exiting Webtalk at Wed Oct 30 19:38:07 2019...
