Copyright 1986-2018 Xilinx, Inc. All Rights Reserved.
--------------------------------------------------------------------------------------------------------
| Tool Version : Vivado v.2018.2 (win64) Build 2258646 Thu Jun 14 20:03:12 MDT 2018
| Date         : Tue Nov  5 11:57:09 2019
| Host         : DESKTOP-UJ1V498 running 64-bit major release  (build 9200)
| Command      : report_control_sets -verbose -file Floaty_board_design_wrapper_control_sets_placed.rpt
| Design       : Floaty_board_design_wrapper
| Device       : xc7z010
--------------------------------------------------------------------------------------------------------

Control Set Information

Table of Contents
-----------------
1. Summary
2. Histogram
3. Flip-Flop Distribution
4. Detailed Control Set Information

1. Summary
----------

+----------------------------------------------------------+-------+
|                          Status                          | Count |
+----------------------------------------------------------+-------+
| Number of unique control sets                            |    98 |
| Unused register locations in slices containing registers |   198 |
+----------------------------------------------------------+-------+


2. Histogram
------------

+--------+--------------+
| Fanout | Control Sets |
+--------+--------------+
|      2 |            5 |
|      4 |            2 |
|      8 |           20 |
|     10 |            3 |
|     12 |            5 |
|     14 |            2 |
|    16+ |           61 |
+--------+--------------+


3. Flip-Flop Distribution
-------------------------

+--------------+-----------------------+------------------------+-----------------+--------------+
| Clock Enable | Synchronous Set/Reset | Asynchronous Set/Reset | Total Registers | Total Slices |
+--------------+-----------------------+------------------------+-----------------+--------------+
| No           | No                    | No                     |             516 |           87 |
| No           | No                    | Yes                    |               0 |            0 |
| No           | Yes                   | No                     |             614 |          106 |
| Yes          | No                    | No                     |             874 |           97 |
| Yes          | No                    | Yes                    |               0 |            0 |
| Yes          | Yes                   | No                     |            1030 |          180 |
+--------------+-----------------------+------------------------+-----------------+--------------+


4. Detailed Control Set Information
-----------------------------------

+------------------------------------------------------------+---------------------------------------------------------------------------------------------------------------------------------------------------------------------------+-------------------------------------------------------------------------------------------------------------------------------------------------------+------------------+----------------+
|                        Clock Signal                        |                                                                               Enable Signal                                                                               |                                                                    Set/Reset Signal                                                                   | Slice Load Count | Bel Load Count |
+------------------------------------------------------------+---------------------------------------------------------------------------------------------------------------------------------------------------------------------------+-------------------------------------------------------------------------------------------------------------------------------------------------------+------------------+----------------+
|  Floaty_board_design_i/processing_system7_0/inst/FCLK_CLK0 |                                                                                                                                                                           | Floaty_board_design_i/axi_timer_0/U0/AXI4_LITE_I/I_SLAVE_ATTACHMENT/I_DECODER/TCSR1_GENERATE[23].TCSR1_FF_I                                           |                1 |              2 |
|  Floaty_board_design_i/processing_system7_0/inst/FCLK_CLK0 |                                                                                                                                                                           | Floaty_board_design_i/axi_timer_0/U0/TC_CORE_I/TIMER_CONTROL_I/READ_DONE1_I_i_1_n_0                                                                   |                1 |              2 |
|  Floaty_board_design_i/processing_system7_0/inst/FCLK_CLK0 | Floaty_board_design_i/axi_iic_0/U0/X_IIC/REG_INTERFACE_I/p_3_in                                                                                                           | Floaty_board_design_i/axi_iic_0/U0/X_IIC/REG_INTERFACE_I/Tx_fifo_rst                                                                                  |                1 |              2 |
|  Floaty_board_design_i/processing_system7_0/inst/FCLK_CLK0 |                                                                                                                                                                           | Floaty_board_design_i/axi_timer_0/U0/AXI4_LITE_I/I_SLAVE_ATTACHMENT/I_DECODER/TCSR0_GENERATE[23].TCSR0_FF_I                                           |                1 |              2 |
|  Floaty_board_design_i/processing_system7_0/inst/FCLK_CLK0 |                                                                                                                                                                           | Floaty_board_design_i/axi_timer_0/U0/TC_CORE_I/TIMER_CONTROL_I/R_0                                                                                    |                1 |              2 |
|  Floaty_board_design_i/processing_system7_0/inst/FCLK_CLK0 | Floaty_board_design_i/axi_iic_0/U0/X_IIC/WRITE_FIFO_CTRL_I/CI                                                                                                             |                                                                                                                                                       |                1 |              4 |
|  Floaty_board_design_i/processing_system7_0/inst/FCLK_CLK0 | Floaty_board_design_i/ps7_0_axi_periph/s00_couplers/auto_pc/inst/gen_axilite.gen_b2s_conv.axilite_b2s/WR.b_channel_0/bid_fifo_0/bresp_push                                |                                                                                                                                                       |                1 |              4 |
|  Floaty_board_design_i/processing_system7_0/inst/FCLK_CLK0 |                                                                                                                                                                           | Floaty_board_design_i/axi_iic_0/U0/X_IIC/X_AXI_IPIF_SSP1/AXI_LITE_IPIF_I/I_SLAVE_ATTACHMENT/INCLUDE_DPHASE_TIMER.dpto_cnt[3]_i_1_n_0                  |                1 |              8 |
|  Floaty_board_design_i/processing_system7_0/inst/FCLK_CLK0 | Floaty_board_design_i/axi_timer_0/U0/AXI4_LITE_I/I_SLAVE_ATTACHMENT/I_DECODER/pair0_Select                                                                                | Floaty_board_design_i/axi_timer_0/U0/TC_CORE_I/GEN_SECOND_TIMER.COUNTER_1_I/COUNTER_I/INFERRED_GEN.icount_out_reg[31]_0                               |                1 |              8 |
|  Floaty_board_design_i/processing_system7_0/inst/FCLK_CLK0 | Floaty_board_design_i/axi_iic_0/U0/X_IIC/IIC_CONTROL_I/FSM_sequential_scl_state[3]_i_2_n_0                                                                                | Floaty_board_design_i/axi_iic_0/U0/X_IIC/REG_INTERFACE_I/q_int_reg[0]                                                                                 |                2 |              8 |
|  Floaty_board_design_i/processing_system7_0/inst/FCLK_CLK0 |                                                                                                                                                                           | Floaty_board_design_i/axi_gpio_0/U0/AXI_LITE_IPIF_I/I_SLAVE_ATTACHMENT/clear                                                                          |                2 |              8 |
|  Floaty_board_design_i/processing_system7_0/inst/FCLK_CLK0 |                                                                                                                                                                           | Floaty_board_design_i/axi_gpio_0/U0/gpio_core_1/Not_Dual.ALLIN1_ND.READ_REG_GEN[3].reg1[31]_i_1_n_0                                                   |                1 |              8 |
|  Floaty_board_design_i/processing_system7_0/inst/FCLK_CLK0 | Floaty_board_design_i/axi_iic_0/U0/X_IIC/IIC_CONTROL_I/BITCNT/q_int[0]_i_1__1_n_0                                                                                         | Floaty_board_design_i/axi_iic_0/U0/X_IIC/REG_INTERFACE_I/q_int_reg[0]                                                                                 |                2 |              8 |
|  Floaty_board_design_i/processing_system7_0/inst/FCLK_CLK0 |                                                                                                                                                                           | Floaty_board_design_i/ps7_0_axi_periph/s00_couplers/auto_pc/inst/gen_axilite.gen_b2s_conv.axilite_b2s/SI_REG/aw.aw_pipe/s_ready_i_reg_0               |                2 |              8 |
|  Floaty_board_design_i/processing_system7_0/inst/FCLK_CLK0 |                                                                                                                                                                           | Floaty_board_design_i/axi_gpio_1/U0/AXI_LITE_IPIF_I/I_SLAVE_ATTACHMENT/clear                                                                          |                1 |              8 |
|  Floaty_board_design_i/processing_system7_0/inst/FCLK_CLK0 | Floaty_board_design_i/axi_iic_0/U0/X_IIC/WRITE_FIFO_CTRL_I/Addr_Counters[0].FDRE_I_0                                                                                      | Floaty_board_design_i/axi_iic_0/U0/X_IIC/REG_INTERFACE_I/Tx_fifo_rst                                                                                  |                1 |              8 |
|  Floaty_board_design_i/processing_system7_0/inst/FCLK_CLK0 | Floaty_board_design_i/axi_gpio_0/U0/AXI_LITE_IPIF_I/I_SLAVE_ATTACHMENT/I_DECODER/Not_Dual.gpio_OE_reg[0][0]                                                               | Floaty_board_design_i/axi_gpio_0/U0/bus2ip_reset                                                                                                      |                2 |              8 |
|  Floaty_board_design_i/processing_system7_0/inst/FCLK_CLK0 | Floaty_board_design_i/ps7_0_axi_periph/s00_couplers/auto_pc/inst/gen_axilite.gen_b2s_conv.axilite_b2s/WR.aw_channel_0/aw_cmd_fsm_0/axaddr_wrap_reg[11][0]                 | Floaty_board_design_i/ps7_0_axi_periph/s00_couplers/auto_pc/inst/gen_axilite.gen_b2s_conv.axilite_b2s/WR.aw_channel_0/aw_cmd_fsm_0/axlen_cnt_reg[7]_1 |                2 |              8 |
|  Floaty_board_design_i/processing_system7_0/inst/FCLK_CLK0 |                                                                                                                                                                           | Floaty_board_design_i/ps7_0_axi_periph/s00_couplers/auto_pc/inst/gen_axilite.gen_b2s_conv.axilite_b2s/SI_REG/ar.ar_pipe/m_valid_i_reg_0               |                2 |              8 |
|  Floaty_board_design_i/processing_system7_0/inst/FCLK_CLK0 | Floaty_board_design_i/ps7_0_axi_periph/s00_couplers/auto_pc/inst/gen_axilite.gen_b2s_conv.axilite_b2s/RD.ar_channel_0/ar_cmd_fsm_0/E[0]                                   | Floaty_board_design_i/ps7_0_axi_periph/s00_couplers/auto_pc/inst/gen_axilite.gen_b2s_conv.axilite_b2s/RD.ar_channel_0/ar_cmd_fsm_0/axlen_cnt_reg[7]   |                1 |              8 |
|  Floaty_board_design_i/processing_system7_0/inst/FCLK_CLK0 | Floaty_board_design_i/axi_iic_0/U0/X_IIC/WRITE_FIFO_I/Tx_data_exists                                                                                                      | Floaty_board_design_i/axi_iic_0/U0/X_IIC/REG_INTERFACE_I/Tx_fifo_rst                                                                                  |                1 |              8 |
|  Floaty_board_design_i/processing_system7_0/inst/FCLK_CLK0 | Floaty_board_design_i/axi_timer_0/U0/AXI4_LITE_I/I_SLAVE_ATTACHMENT/bus2ip_addr_i[4]_i_1_n_0                                                                              | Floaty_board_design_i/axi_timer_0/U0/AXI4_LITE_I/I_SLAVE_ATTACHMENT/rst                                                                               |                2 |              8 |
|  Floaty_board_design_i/processing_system7_0/inst/FCLK_CLK0 | Floaty_board_design_i/axi_iic_0/U0/X_IIC/X_AXI_IPIF_SSP1/AXI_LITE_IPIF_I/I_SLAVE_ATTACHMENT/I_DECODER/Bus2IIC_WrCE[8]                                                     | Floaty_board_design_i/axi_iic_0/U0/X_IIC/X_AXI_IPIF_SSP1/X_SOFT_RESET/Bus2IIC_Reset                                                                   |                1 |              8 |
|  Floaty_board_design_i/processing_system7_0/inst/FCLK_CLK0 | Floaty_board_design_i/axi_gpio_1/U0/AXI_LITE_IPIF_I/I_SLAVE_ATTACHMENT/start2                                                                                             | Floaty_board_design_i/axi_gpio_1/U0/AXI_LITE_IPIF_I/I_SLAVE_ATTACHMENT/I_DECODER/cs_ce_clr                                                            |                2 |              8 |
|  Floaty_board_design_i/processing_system7_0/inst/FCLK_CLK0 | Floaty_board_design_i/axi_gpio_1/U0/AXI_LITE_IPIF_I/I_SLAVE_ATTACHMENT/bus2ip_addr_i[8]_i_1_n_0                                                                           | Floaty_board_design_i/axi_gpio_1/U0/AXI_LITE_IPIF_I/I_SLAVE_ATTACHMENT/SR[0]                                                                          |                1 |              8 |
|  Floaty_board_design_i/processing_system7_0/inst/FCLK_CLK0 | Floaty_board_design_i/axi_gpio_1/U0/AXI_LITE_IPIF_I/I_SLAVE_ATTACHMENT/I_DECODER/Not_Dual.gpio_OE_reg[0][0]                                                               | Floaty_board_design_i/axi_gpio_1/U0/AXI_LITE_IPIF_I/I_SLAVE_ATTACHMENT/SR[0]                                                                          |                1 |              8 |
|  Floaty_board_design_i/processing_system7_0/inst/FCLK_CLK0 | Floaty_board_design_i/axi_iic_0/U0/X_IIC/READ_FIFO_I/Rc_Data_Exists                                                                                                       | Floaty_board_design_i/axi_iic_0/U0/X_IIC/X_AXI_IPIF_SSP1/X_SOFT_RESET/Bus2IIC_Reset                                                                   |                1 |              8 |
|  Floaty_board_design_i/processing_system7_0/inst/FCLK_CLK0 |                                                                                                                                                                           | Floaty_board_design_i/rst_ps7_0_50M/U0/EXT_LPF/lpf_int                                                                                                |                1 |             10 |
|  Floaty_board_design_i/processing_system7_0/inst/FCLK_CLK0 | Floaty_board_design_i/axi_gpio_1/U0/AXI_LITE_IPIF_I/I_SLAVE_ATTACHMENT/s_axi_rresp_i                                                                                      | Floaty_board_design_i/axi_gpio_1/U0/AXI_LITE_IPIF_I/I_SLAVE_ATTACHMENT/SR[0]                                                                          |                1 |             10 |
|  Floaty_board_design_i/processing_system7_0/inst/FCLK_CLK0 | Floaty_board_design_i/axi_iic_0/U0/X_IIC/X_AXI_IPIF_SSP1/AXI_LITE_IPIF_I/I_SLAVE_ATTACHMENT/I_DECODER/Bus2IIC_WrCE[11]                                                    | Floaty_board_design_i/axi_iic_0/U0/X_IIC/X_AXI_IPIF_SSP1/X_SOFT_RESET/Bus2IIC_Reset                                                                   |                2 |             10 |
|  Floaty_board_design_i/processing_system7_0/inst/FCLK_CLK0 |                                                                                                                                                                           | Floaty_board_design_i/axi_iic_0/U0/X_IIC/X_AXI_IPIF_SSP1/X_SOFT_RESET/AXI_Bus2IP_Reset                                                                |                2 |             12 |
|  Floaty_board_design_i/processing_system7_0/inst/FCLK_CLK0 | Floaty_board_design_i/axi_gpio_0/U0/AXI_LITE_IPIF_I/I_SLAVE_ATTACHMENT/s_axi_rresp_i                                                                                      | Floaty_board_design_i/axi_gpio_0/U0/bus2ip_reset                                                                                                      |                2 |             12 |
|  Floaty_board_design_i/processing_system7_0/inst/FCLK_CLK0 |                                                                                                                                                                           | Floaty_board_design_i/axi_iic_0/U0/X_IIC/REG_INTERFACE_I/Tx_fifo_rst                                                                                  |                3 |             12 |
|  Floaty_board_design_i/processing_system7_0/inst/FCLK_CLK0 |                                                                                                                                                                           | Floaty_board_design_i/axi_timer_0/U0/AXI4_LITE_I/I_SLAVE_ATTACHMENT/INCLUDE_DPHASE_TIMER.dpto_cnt[5]_i_1_n_0                                          |                2 |             12 |
|  Floaty_board_design_i/processing_system7_0/inst/FCLK_CLK0 | Floaty_board_design_i/rst_ps7_0_50M/U0/SEQ/seq_cnt_en                                                                                                                     | Floaty_board_design_i/rst_ps7_0_50M/U0/SEQ/SEQ_COUNTER/clear                                                                                          |                2 |             12 |
|  Floaty_board_design_i/processing_system7_0/inst/FCLK_CLK0 | Floaty_board_design_i/axi_timer_0/U0/AXI4_LITE_I/I_SLAVE_ATTACHMENT/start2                                                                                                | Floaty_board_design_i/axi_timer_0/U0/AXI4_LITE_I/I_SLAVE_ATTACHMENT/I_DECODER/cs_ce_clr                                                               |                2 |             14 |
|  Floaty_board_design_i/processing_system7_0/inst/FCLK_CLK0 | Floaty_board_design_i/axi_iic_0/U0/X_IIC/X_AXI_IPIF_SSP1/AXI_LITE_IPIF_I/I_SLAVE_ATTACHMENT/I_DECODER/Bus2IIC_WrCE[9]                                                     | Floaty_board_design_i/axi_iic_0/U0/X_IIC/X_AXI_IPIF_SSP1/X_SOFT_RESET/Bus2IIC_Reset                                                                   |                1 |             14 |
|  Floaty_board_design_i/processing_system7_0/inst/FCLK_CLK0 | Floaty_board_design_i/axi_iic_0/U0/X_IIC/IIC_CONTROL_I/i2c_header_en                                                                                                      | Floaty_board_design_i/axi_iic_0/U0/X_IIC/REG_INTERFACE_I/q_int_reg[0]                                                                                 |                2 |             16 |
|  Floaty_board_design_i/processing_system7_0/inst/FCLK_CLK0 | Floaty_board_design_i/axi_timer_0/U0/AXI4_LITE_I/I_SLAVE_ATTACHMENT/I_DECODER/bus2ip_wrce[0]                                                                              | Floaty_board_design_i/axi_timer_0/U0/TC_CORE_I/GEN_SECOND_TIMER.COUNTER_1_I/COUNTER_I/INFERRED_GEN.icount_out_reg[31]_0                               |                2 |             16 |
|  Floaty_board_design_i/processing_system7_0/inst/FCLK_CLK0 | Floaty_board_design_i/axi_iic_0/U0/X_IIC/IIC_CONTROL_I/I2CDATA_REG/data_int[7]_i_1_n_0                                                                                    | Floaty_board_design_i/axi_iic_0/U0/X_IIC/REG_INTERFACE_I/q_int_reg[0]                                                                                 |                2 |             16 |
|  Floaty_board_design_i/processing_system7_0/inst/FCLK_CLK0 | Floaty_board_design_i/axi_iic_0/U0/X_IIC/IIC_CONTROL_I/data_i2c_i0                                                                                                        | Floaty_board_design_i/axi_iic_0/U0/X_IIC/REG_INTERFACE_I/q_int_reg[0]                                                                                 |                1 |             16 |
|  Floaty_board_design_i/processing_system7_0/inst/FCLK_CLK0 | Floaty_board_design_i/axi_iic_0/U0/X_IIC/READ_FIFO_I/CI                                                                                                                   |                                                                                                                                                       |                1 |             16 |
|  Floaty_board_design_i/processing_system7_0/inst/FCLK_CLK0 | Floaty_board_design_i/axi_gpio_1/U0/AXI_LITE_IPIF_I/I_SLAVE_ATTACHMENT/I_DECODER/E[0]                                                                                     | Floaty_board_design_i/axi_gpio_1/U0/AXI_LITE_IPIF_I/I_SLAVE_ATTACHMENT/SR[0]                                                                          |                1 |             16 |
|  Floaty_board_design_i/processing_system7_0/inst/FCLK_CLK0 | Floaty_board_design_i/axi_iic_0/U0/X_IIC/DYN_MASTER_I/rdByteCntr[0]_i_1_n_0                                                                                               | Floaty_board_design_i/axi_iic_0/U0/X_IIC/REG_INTERFACE_I/Tx_fifo_rst                                                                                  |                2 |             16 |
|  Floaty_board_design_i/processing_system7_0/inst/FCLK_CLK0 |                                                                                                                                                                           | Floaty_board_design_i/axi_gpio_1/U0/gpio_core_1/Read_Reg_Rst                                                                                          |                2 |             16 |
|  Floaty_board_design_i/processing_system7_0/inst/FCLK_CLK0 | Floaty_board_design_i/ps7_0_axi_periph/s00_couplers/auto_pc/inst/gen_axilite.gen_b2s_conv.axilite_b2s/WR.b_channel_0/mhandshake_r                                         | Floaty_board_design_i/ps7_0_axi_periph/s00_couplers/auto_pc/inst/gen_axilite.gen_b2s_conv.axilite_b2s/WR.b_channel_0/bid_fifo_0/SR[0]                 |                3 |             16 |
|  Floaty_board_design_i/processing_system7_0/inst/FCLK_CLK0 | Floaty_board_design_i/axi_iic_0/U0/X_IIC/WRITE_FIFO_I/CI                                                                                                                  |                                                                                                                                                       |                1 |             16 |
|  Floaty_board_design_i/processing_system7_0/inst/FCLK_CLK0 | Floaty_board_design_i/axi_iic_0/U0/X_IIC/X_AXI_IPIF_SSP1/AXI_LITE_IPIF_I/I_SLAVE_ATTACHMENT/I_DECODER/E[0]                                                                | Floaty_board_design_i/axi_iic_0/U0/X_IIC/X_AXI_IPIF_SSP1/X_SOFT_RESET/Bus2IIC_Reset                                                                   |                2 |             16 |
|  Floaty_board_design_i/processing_system7_0/inst/FCLK_CLK0 | Floaty_board_design_i/axi_gpio_0/U0/AXI_LITE_IPIF_I/I_SLAVE_ATTACHMENT/bus2ip_addr_i[8]_i_1_n_0                                                                           | Floaty_board_design_i/axi_gpio_0/U0/bus2ip_reset                                                                                                      |                1 |             16 |
|  Floaty_board_design_i/processing_system7_0/inst/FCLK_CLK0 | Floaty_board_design_i/axi_iic_0/U0/X_IIC/X_AXI_IPIF_SSP1/AXI_LITE_IPIF_I/I_SLAVE_ATTACHMENT/I_DECODER/Bus2IIC_WrCE[4]                                                     | Floaty_board_design_i/axi_iic_0/U0/X_IIC/X_AXI_IPIF_SSP1/X_SOFT_RESET/Bus2IIC_Reset                                                                   |                2 |             18 |
|  Floaty_board_design_i/processing_system7_0/inst/FCLK_CLK0 | Floaty_board_design_i/axi_iic_0/U0/X_IIC/X_AXI_IPIF_SSP1/AXI_LITE_IPIF_I/I_SLAVE_ATTACHMENT/I_DECODER/Bus2IIC_WrCE[2]                                                     | Floaty_board_design_i/axi_iic_0/U0/X_IIC/X_AXI_IPIF_SSP1/X_SOFT_RESET/Bus2IIC_Reset                                                                   |                5 |             18 |
|  Floaty_board_design_i/processing_system7_0/inst/FCLK_CLK0 | Floaty_board_design_i/axi_iic_0/U0/X_IIC/X_AXI_IPIF_SSP1/AXI_LITE_IPIF_I/I_SLAVE_ATTACHMENT/I_DECODER/Bus2IIC_WrCE[1]                                                     | Floaty_board_design_i/axi_iic_0/U0/X_IIC/X_AXI_IPIF_SSP1/X_SOFT_RESET/Bus2IIC_Reset                                                                   |                3 |             18 |
|  Floaty_board_design_i/processing_system7_0/inst/FCLK_CLK0 | Floaty_board_design_i/axi_iic_0/U0/X_IIC/X_AXI_IPIF_SSP1/AXI_LITE_IPIF_I/I_SLAVE_ATTACHMENT/I_DECODER/Bus2IIC_WrCE[7]                                                     | Floaty_board_design_i/axi_iic_0/U0/X_IIC/X_AXI_IPIF_SSP1/X_SOFT_RESET/Bus2IIC_Reset                                                                   |                4 |             18 |
|  Floaty_board_design_i/processing_system7_0/inst/FCLK_CLK0 | Floaty_board_design_i/axi_iic_0/U0/X_IIC/X_AXI_IPIF_SSP1/AXI_LITE_IPIF_I/I_SLAVE_ATTACHMENT/I_DECODER/Bus2IIC_WrCE[3]                                                     | Floaty_board_design_i/axi_iic_0/U0/X_IIC/X_AXI_IPIF_SSP1/X_SOFT_RESET/Bus2IIC_Reset                                                                   |                2 |             18 |
|  Floaty_board_design_i/processing_system7_0/inst/FCLK_CLK0 | Floaty_board_design_i/axi_timer_0/U0/AXI4_LITE_I/I_SLAVE_ATTACHMENT/I_DECODER/bus2ip_wrce[1]                                                                              | Floaty_board_design_i/axi_timer_0/U0/TC_CORE_I/GEN_SECOND_TIMER.COUNTER_1_I/COUNTER_I/INFERRED_GEN.icount_out_reg[31]_0                               |                4 |             18 |
|  Floaty_board_design_i/processing_system7_0/inst/FCLK_CLK0 | Floaty_board_design_i/axi_iic_0/U0/X_IIC/IIC_CONTROL_I/SETUP_CNT/q_int[0]_i_1_n_0                                                                                         | Floaty_board_design_i/axi_iic_0/U0/X_IIC/REG_INTERFACE_I/q_int_reg[0]                                                                                 |                2 |             18 |
|  Floaty_board_design_i/processing_system7_0/inst/FCLK_CLK0 | Floaty_board_design_i/axi_iic_0/U0/X_IIC/X_AXI_IPIF_SSP1/AXI_LITE_IPIF_I/I_SLAVE_ATTACHMENT/I_DECODER/Bus2IIC_WrCE[6]                                                     | Floaty_board_design_i/axi_iic_0/U0/X_IIC/X_AXI_IPIF_SSP1/X_SOFT_RESET/Bus2IIC_Reset                                                                   |                3 |             18 |
|  Floaty_board_design_i/processing_system7_0/inst/FCLK_CLK0 | Floaty_board_design_i/axi_iic_0/U0/X_IIC/IIC_CONTROL_I/CLKCNT/q_int[0]_i_1__0_n_0                                                                                         | Floaty_board_design_i/axi_iic_0/U0/X_IIC/REG_INTERFACE_I/q_int_reg[0]                                                                                 |                4 |             18 |
|  Floaty_board_design_i/processing_system7_0/inst/FCLK_CLK0 | Floaty_board_design_i/axi_iic_0/U0/X_IIC/X_AXI_IPIF_SSP1/AXI_LITE_IPIF_I/I_SLAVE_ATTACHMENT/I_DECODER/Bus2IIC_WrCE[5]                                                     | Floaty_board_design_i/axi_iic_0/U0/X_IIC/X_AXI_IPIF_SSP1/X_SOFT_RESET/Bus2IIC_Reset                                                                   |                3 |             18 |
|  Floaty_board_design_i/processing_system7_0/inst/FCLK_CLK0 | Floaty_board_design_i/axi_iic_0/U0/X_IIC/X_AXI_IPIF_SSP1/AXI_LITE_IPIF_I/I_SLAVE_ATTACHMENT/I_DECODER/Bus2IIC_WrCE[0]                                                     | Floaty_board_design_i/axi_iic_0/U0/X_IIC/X_AXI_IPIF_SSP1/X_SOFT_RESET/Bus2IIC_Reset                                                                   |                3 |             18 |
|  Floaty_board_design_i/processing_system7_0/inst/FCLK_CLK0 | Floaty_board_design_i/axi_iic_0/U0/X_IIC/X_AXI_IPIF_SSP1/AXI_LITE_IPIF_I/I_SLAVE_ATTACHMENT/bus2ip_addr_i[8]_i_1_n_0                                                      | Floaty_board_design_i/axi_iic_0/U0/X_IIC/X_AXI_IPIF_SSP1/AXI_LITE_IPIF_I/I_SLAVE_ATTACHMENT/rst                                                       |                4 |             20 |
|  Floaty_board_design_i/processing_system7_0/inst/FCLK_CLK0 |                                                                                                                                                                           | Floaty_board_design_i/axi_timer_0/U0/TC_CORE_I/GEN_SECOND_TIMER.COUNTER_1_I/COUNTER_I/INFERRED_GEN.icount_out_reg[31]_0                               |                4 |             22 |
|  Floaty_board_design_i/processing_system7_0/inst/FCLK_CLK0 |                                                                                                                                                                           | Floaty_board_design_i/axi_timer_0/U0/AXI4_LITE_I/I_SLAVE_ATTACHMENT/rst                                                                               |                5 |             22 |
|  Floaty_board_design_i/processing_system7_0/inst/FCLK_CLK0 |                                                                                                                                                                           | Floaty_board_design_i/axi_iic_0/U0/X_IIC/X_AXI_IPIF_SSP1/AXI_LITE_IPIF_I/I_SLAVE_ATTACHMENT/rst                                                       |                5 |             22 |
|  Floaty_board_design_i/processing_system7_0/inst/FCLK_CLK0 | Floaty_board_design_i/axi_iic_0/U0/X_IIC/X_AXI_IPIF_SSP1/AXI_LITE_IPIF_I/I_SLAVE_ATTACHMENT/s_axi_rresp_i                                                                 | Floaty_board_design_i/axi_iic_0/U0/X_IIC/X_AXI_IPIF_SSP1/AXI_LITE_IPIF_I/I_SLAVE_ATTACHMENT/rst                                                       |                5 |             22 |
|  Floaty_board_design_i/processing_system7_0/inst/FCLK_CLK0 | Floaty_board_design_i/ps7_0_axi_periph/s00_couplers/auto_pc/inst/gen_axilite.gen_b2s_conv.axilite_b2s/RD.ar_channel_0/ar_cmd_fsm_0/axaddr_incr_reg[0][0]                  |                                                                                                                                                       |                3 |             24 |
|  Floaty_board_design_i/processing_system7_0/inst/FCLK_CLK0 | Floaty_board_design_i/ps7_0_axi_periph/s00_couplers/auto_pc/inst/gen_axilite.gen_b2s_conv.axilite_b2s/RD.ar_channel_0/ar_cmd_fsm_0/wrap_boundary_axaddr_r_reg[11][0]      |                                                                                                                                                       |                5 |             24 |
|  Floaty_board_design_i/processing_system7_0/inst/FCLK_CLK0 | Floaty_board_design_i/ps7_0_axi_periph/s00_couplers/auto_pc/inst/gen_axilite.gen_b2s_conv.axilite_b2s/WR.aw_channel_0/cmd_translator_0/incr_cmd_0/axaddr_incr[11]_i_1_n_0 |                                                                                                                                                       |                2 |             24 |
|  Floaty_board_design_i/processing_system7_0/inst/FCLK_CLK0 | Floaty_board_design_i/ps7_0_axi_periph/s00_couplers/auto_pc/inst/gen_axilite.gen_b2s_conv.axilite_b2s/WR.aw_channel_0/aw_cmd_fsm_0/E[0]                                   |                                                                                                                                                       |                5 |             24 |
|  Floaty_board_design_i/processing_system7_0/inst/FCLK_CLK0 |                                                                                                                                                                           | Floaty_board_design_i/ps7_0_axi_periph/xbar/inst/gen_sasd.crossbar_sasd_0/addr_arbiter_inst/SR[0]                                                     |                6 |             26 |
|  Floaty_board_design_i/processing_system7_0/inst/FCLK_CLK0 | Floaty_board_design_i/ps7_0_axi_periph/s00_couplers/auto_pc/inst/gen_axilite.gen_b2s_conv.axilite_b2s/RD.r_channel_0/r_push_r                                             |                                                                                                                                                       |                4 |             26 |
|  Floaty_board_design_i/processing_system7_0/inst/FCLK_CLK0 | Floaty_board_design_i/ps7_0_axi_periph/s00_couplers/auto_pc/inst/gen_axilite.gen_b2s_conv.axilite_b2s/SI_REG/b.b_pipe/p_1_in                                              |                                                                                                                                                       |                2 |             28 |
|  Floaty_board_design_i/processing_system7_0/inst/FCLK_CLK0 | Floaty_board_design_i/ps7_0_axi_periph/s00_couplers/auto_pc/inst/gen_axilite.gen_b2s_conv.axilite_b2s/SI_REG/b.b_pipe/skid_buffer_reg[0]_0                                |                                                                                                                                                       |                3 |             28 |
|  Floaty_board_design_i/processing_system7_0/inst/FCLK_CLK0 | Floaty_board_design_i/ps7_0_axi_periph/s00_couplers/auto_pc/inst/gen_axilite.gen_b2s_conv.axilite_b2s/WR.aw_channel_0/aw_cmd_fsm_0/b_push                                 |                                                                                                                                                       |                3 |             32 |
|  Floaty_board_design_i/processing_system7_0/inst/FCLK_CLK0 |                                                                                                                                                                           | Floaty_board_design_i/axi_gpio_1/U0/AXI_LITE_IPIF_I/I_SLAVE_ATTACHMENT/SR[0]                                                                          |                6 |             40 |
|  Floaty_board_design_i/processing_system7_0/inst/FCLK_CLK0 | Floaty_board_design_i/ps7_0_axi_periph/s00_couplers/auto_pc/inst/gen_axilite.gen_b2s_conv.axilite_b2s/RD.ar_channel_0/ar_cmd_fsm_0/E[0]                                   |                                                                                                                                                       |                7 |             40 |
|  Floaty_board_design_i/processing_system7_0/inst/FCLK_CLK0 | Floaty_board_design_i/ps7_0_axi_periph/s00_couplers/auto_pc/inst/gen_axilite.gen_b2s_conv.axilite_b2s/WR.aw_channel_0/aw_cmd_fsm_0/axaddr_wrap_reg[11][0]                 |                                                                                                                                                       |                7 |             40 |
|  Floaty_board_design_i/processing_system7_0/inst/FCLK_CLK0 | Floaty_board_design_i/axi_gpio_0/U0/AXI_LITE_IPIF_I/I_SLAVE_ATTACHMENT/start2                                                                                             | Floaty_board_design_i/axi_gpio_0/U0/AXI_LITE_IPIF_I/I_SLAVE_ATTACHMENT/I_DECODER/cs_ce_clr                                                            |                4 |             42 |
|  Floaty_board_design_i/processing_system7_0/inst/FCLK_CLK0 | Floaty_board_design_i/axi_iic_0/U0/X_IIC/X_AXI_IPIF_SSP1/AXI_LITE_IPIF_I/I_SLAVE_ATTACHMENT/start2                                                                        | Floaty_board_design_i/axi_iic_0/U0/X_IIC/X_AXI_IPIF_SSP1/AXI_LITE_IPIF_I/I_SLAVE_ATTACHMENT/I_DECODER/cs_ce_clr                                       |               10 |             48 |
|  Floaty_board_design_i/processing_system7_0/inst/FCLK_CLK0 | Floaty_board_design_i/ps7_0_axi_periph/xbar/inst/gen_sasd.crossbar_sasd_0/addr_arbiter_inst/p_0_in1_in                                                                    | Floaty_board_design_i/ps7_0_axi_periph/xbar/inst/gen_sasd.crossbar_sasd_0/addr_arbiter_inst/SR[0]                                                     |               10 |             50 |
|  Floaty_board_design_i/processing_system7_0/inst/FCLK_CLK0 | Floaty_board_design_i/axi_timer_0/U0/AXI4_LITE_I/I_SLAVE_ATTACHMENT/s_axi_rresp_i                                                                                         | Floaty_board_design_i/axi_timer_0/U0/AXI4_LITE_I/I_SLAVE_ATTACHMENT/rst                                                                               |               32 |             64 |
|  Floaty_board_design_i/processing_system7_0/inst/FCLK_CLK0 | Floaty_board_design_i/axi_timer_0/U0/TC_CORE_I/TIMER_CONTROL_I/INPUT_DOUBLE_REGS3/INFERRED_GEN.icount_out_reg[0]_0                                                        | Floaty_board_design_i/axi_timer_0/U0/TC_CORE_I/GEN_SECOND_TIMER.COUNTER_1_I/COUNTER_I/INFERRED_GEN.icount_out_reg[31]_0                               |                5 |             64 |
|  Floaty_board_design_i/processing_system7_0/inst/FCLK_CLK0 | Floaty_board_design_i/axi_timer_0/U0/TC_CORE_I/TIMER_CONTROL_I/INPUT_DOUBLE_REGS3/INFERRED_GEN.icount_out_reg[0]                                                          | Floaty_board_design_i/axi_timer_0/U0/TC_CORE_I/GEN_SECOND_TIMER.COUNTER_1_I/COUNTER_I/INFERRED_GEN.icount_out_reg[31]_0                               |                5 |             64 |
|  Floaty_board_design_i/processing_system7_0/inst/FCLK_CLK0 | Floaty_board_design_i/axi_timer_0/U0/TC_CORE_I/TIMER_CONTROL_I/CE_0                                                                                                       | Floaty_board_design_i/axi_timer_0/U0/TC_CORE_I/GEN_SECOND_TIMER.COUNTER_1_I/COUNTER_I/INFERRED_GEN.icount_out_reg[31]_0                               |               13 |             64 |
|  Floaty_board_design_i/processing_system7_0/inst/FCLK_CLK0 | Floaty_board_design_i/axi_timer_0/U0/TC_CORE_I/TIMER_CONTROL_I/CE                                                                                                         | Floaty_board_design_i/axi_timer_0/U0/TC_CORE_I/GEN_SECOND_TIMER.COUNTER_1_I/COUNTER_I/INFERRED_GEN.icount_out_reg[31]_0                               |               10 |             64 |
|  Floaty_board_design_i/processing_system7_0/inst/FCLK_CLK0 | Floaty_board_design_i/ps7_0_axi_periph/s00_couplers/auto_pc/inst/gen_axilite.gen_b2s_conv.axilite_b2s/RD.r_channel_0/rd_data_fifo_0/wr_en0                                |                                                                                                                                                       |                9 |             68 |
|  Floaty_board_design_i/processing_system7_0/inst/FCLK_CLK0 | Floaty_board_design_i/ps7_0_axi_periph/xbar/inst/gen_sasd.crossbar_sasd_0/addr_arbiter_inst/E[0]                                                                          |                                                                                                                                                       |               10 |             70 |
|  Floaty_board_design_i/processing_system7_0/inst/FCLK_CLK0 |                                                                                                                                                                           | Floaty_board_design_i/axi_gpio_0/U0/bus2ip_reset                                                                                                      |               11 |             78 |
|  Floaty_board_design_i/processing_system7_0/inst/FCLK_CLK0 |                                                                                                                                                                           | Floaty_board_design_i/axi_iic_0/U0/X_IIC/REG_INTERFACE_I/q_int_reg[0]                                                                                 |               18 |             82 |
|  Floaty_board_design_i/processing_system7_0/inst/FCLK_CLK0 |                                                                                                                                                                           | Floaty_board_design_i/axi_iic_0/U0/X_IIC/X_AXI_IPIF_SSP1/X_SOFT_RESET/Bus2IIC_Reset                                                                   |               13 |             84 |
|  Floaty_board_design_i/processing_system7_0/inst/FCLK_CLK0 | Floaty_board_design_i/ps7_0_axi_periph/s00_couplers/auto_pc/inst/gen_axilite.gen_b2s_conv.axilite_b2s/SI_REG/r.r_pipe/p_1_in                                              |                                                                                                                                                       |                7 |             94 |
|  Floaty_board_design_i/processing_system7_0/inst/FCLK_CLK0 | Floaty_board_design_i/ps7_0_axi_periph/s00_couplers/auto_pc/inst/gen_axilite.gen_b2s_conv.axilite_b2s/SI_REG/r.r_pipe/skid_buffer_reg[0]_0                                |                                                                                                                                                       |                8 |             94 |
|  Floaty_board_design_i/processing_system7_0/inst/FCLK_CLK0 | Floaty_board_design_i/ps7_0_axi_periph/s00_couplers/auto_pc/inst/gen_axilite.gen_b2s_conv.axilite_b2s/RD.ar_channel_0/ar_cmd_fsm_0/m_payload_i_reg[0]_1[0]                |                                                                                                                                                       |               10 |             96 |
|  Floaty_board_design_i/processing_system7_0/inst/FCLK_CLK0 | Floaty_board_design_i/ps7_0_axi_periph/s00_couplers/auto_pc/inst/gen_axilite.gen_b2s_conv.axilite_b2s/SI_REG/ar.ar_pipe/s_axi_arready                                     |                                                                                                                                                       |               11 |             96 |
|  Floaty_board_design_i/processing_system7_0/inst/FCLK_CLK0 | Floaty_board_design_i/ps7_0_axi_periph/s00_couplers/auto_pc/inst/gen_axilite.gen_b2s_conv.axilite_b2s/SI_REG/aw.aw_pipe/s_axi_awready                                     |                                                                                                                                                       |                9 |             96 |
|  Floaty_board_design_i/processing_system7_0/inst/FCLK_CLK0 | Floaty_board_design_i/ps7_0_axi_periph/s00_couplers/auto_pc/inst/gen_axilite.gen_b2s_conv.axilite_b2s/WR.aw_channel_0/aw_cmd_fsm_0/m_payload_i_reg[0][0]                  |                                                                                                                                                       |                8 |             96 |
|  Floaty_board_design_i/processing_system7_0/inst/FCLK_CLK0 |                                                                                                                                                                           | Floaty_board_design_i/ps7_0_axi_periph/s00_couplers/auto_pc/inst/gen_axilite.gen_b2s_conv.axilite_b2s/areset_d1                                       |               15 |            120 |
|  Floaty_board_design_i/processing_system7_0/inst/FCLK_CLK0 |                                                                                                                                                                           |                                                                                                                                                       |               88 |            518 |
+------------------------------------------------------------+---------------------------------------------------------------------------------------------------------------------------------------------------------------------------+-------------------------------------------------------------------------------------------------------------------------------------------------------+------------------+----------------+


