#-----------------------------------------------------------
# Vivado v2018.2 (64-bit)
# SW Build 2258646 on Thu Jun 14 20:03:12 MDT 2018
# IP Build 2256618 on Thu Jun 14 22:10:49 MDT 2018
# Start of session at: Thu Oct 17 13:58:58 2019
# Process ID: 9076
# Current directory: D:/Fontys_Jaar4/Embedded/mini_project/floaty-wiggle-board/Floaty-wiggle-board
# Command line: vivado.exe -gui_launcher_event rodinguilauncherevent1120 D:\Fontys_Jaar4\Embedded\mini_project\floaty-wiggle-board\Floaty-wiggle-board\Floaty-wiggle-board.xpr
# Log file: D:/Fontys_Jaar4/Embedded/mini_project/floaty-wiggle-board/Floaty-wiggle-board/vivado.log
# Journal file: D:/Fontys_Jaar4/Embedded/mini_project/floaty-wiggle-board/Floaty-wiggle-board\vivado.jou
#-----------------------------------------------------------
start_gui
open_project D:/Fontys_Jaar4/Embedded/mini_project/floaty-wiggle-board/Floaty-wiggle-board/Floaty-wiggle-board.xpr
INFO: [Project 1-313] Project file moved from 'D:/github/Floaty-wiggle-board/Floaty-wiggle-board' since last save.
Scanning sources...
Finished scanning sources
WARNING: [filemgmt 56-2] IPUserFilesDir: Could not find the directory 'D:/Fontys_Jaar4/Embedded/mini_project/floaty-wiggle-board/Floaty-wiggle-board/Floaty-wiggle-board.ip_user_files', nor could it be found using path 'D:/github/Floaty-wiggle-board/Floaty-wiggle-board/Floaty-wiggle-board.ip_user_files'.
INFO: [IP_Flow 19-234] Refreshing IP repositories
INFO: [IP_Flow 19-1704] No user IP repositories specified
INFO: [IP_Flow 19-2313] Loaded Vivado IP repository 'D:/Vivado/Vivado/2018.2/data/ip'.
open_project: Time (s): cpu = 00:00:10 ; elapsed = 00:00:19 . Memory (MB): peak = 764.984 ; gain = 92.281
update_compile_order -fileset sources_1
