#-----------------------------------------------------------
# Vivado v2018.2 (64-bit)
# SW Build 2258646 on Thu Jun 14 20:03:12 MDT 2018
# IP Build 2256618 on Thu Jun 14 22:10:49 MDT 2018
# Start of session at: Wed Nov  6 11:46:26 2019
# Process ID: 5692
# Current directory: D:/Fontys_Jaar4/Embedded/mini_project/floaty-wiggle-board/Floaty-wiggle-board
# Command line: vivado.exe -gui_launcher_event rodinguilauncherevent7204 D:\Fontys_Jaar4\Embedded\mini_project\floaty-wiggle-board\Floaty-wiggle-board\Floaty-wiggle-board.xpr
# Log file: D:/Fontys_Jaar4/Embedded/mini_project/floaty-wiggle-board/Floaty-wiggle-board/vivado.log
# Journal file: D:/Fontys_Jaar4/Embedded/mini_project/floaty-wiggle-board/Floaty-wiggle-board\vivado.jou
#-----------------------------------------------------------
start_gui
open_project D:/Fontys_Jaar4/Embedded/mini_project/floaty-wiggle-board/Floaty-wiggle-board/Floaty-wiggle-board.xpr
CRITICAL WARNING: [Project 1-19] Could not find the file 'D:/Fontys_Jaar4/Embedded/blokkies/i2c_master.vhd'.
Scanning sources...
Finished scanning sources
INFO: [IP_Flow 19-234] Refreshing IP repositories
INFO: [IP_Flow 19-1704] No user IP repositories specified
INFO: [IP_Flow 19-2313] Loaded Vivado IP repository 'D:/Vivado/Vivado/2018.2/data/ip'.
open_project: Time (s): cpu = 00:00:17 ; elapsed = 00:00:31 . Memory (MB): peak = 791.996 ; gain = 138.668
update_compile_order -fileset sources_1
update_ip_catalog
launch_sdk -workspace D:/Fontys_Jaar4/Embedded/mini_project/floaty-wiggle-board/Floaty-wiggle-board/Floaty-wiggle-board.sdk -hwspec D:/Fontys_Jaar4/Embedded/mini_project/floaty-wiggle-board/Floaty-wiggle-board/Floaty-wiggle-board.sdk/Floaty_board_design_wrapper.hdf
INFO: [Vivado 12-393] Launching SDK...
INFO: [Vivado 12-417] Running xsdk -workspace D:/Fontys_Jaar4/Embedded/mini_project/floaty-wiggle-board/Floaty-wiggle-board/Floaty-wiggle-board.sdk -hwspec D:/Fontys_Jaar4/Embedded/mini_project/floaty-wiggle-board/Floaty-wiggle-board/Floaty-wiggle-board.sdk/Floaty_board_design_wrapper.hdf
INFO: [Vivado 12-3157] SDK launch initiated. Please check console for any further messages.
exit
INFO: [Common 17-206] Exiting Vivado at Wed Nov  6 14:40:34 2019...
