15:22:02 INFO  : Registering command handlers for SDK TCF services
15:22:03 INFO  : Launching XSCT server: xsct.bat -interactive D:\github\Floaty-wiggle-board\Floaty-wiggle-board\Floaty-wiggle-board.sdk\temp_xsdb_launch_script.tcl
15:22:06 INFO  : XSCT server has started successfully.
15:22:06 INFO  : Successfully done setting XSCT server connection channel  
15:22:09 INFO  : Successfully done setting SDK workspace  
15:22:09 INFO  : Processing command line option -hwspec D:/github/Floaty-wiggle-board/Floaty-wiggle-board/Floaty-wiggle-board.sdk/Floaty_board_design_wrapper.hdf.
15:47:06 INFO  : Connected to target on host '127.0.0.1' and port '3121'.
15:47:09 INFO  : 'targets -set -filter {jtag_cable_name =~ "Digilent Zybo Z7 210351A77B4FA" && level==0} -index 1' command is executed.
15:47:10 INFO  : FPGA configured successfully with bitstream "D:/github/Floaty-wiggle-board/Floaty-wiggle-board/Floaty-wiggle-board.sdk/Floaty_board_design_wrapper_hw_platform_0/Floaty_board_design_wrapper.bit"
15:47:51 INFO  : 'targets -set -filter {jtag_cable_name =~ "Digilent Zybo Z7 210351A77B4FA" && level==0} -index 1' command is executed.
15:47:51 INFO  : 'fpga -state' command is executed.
15:47:51 INFO  : Connected to target on host '127.0.0.1' and port '3121'.
15:47:51 INFO  : Jtag cable 'Digilent Zybo Z7 210351A77B4FA' is selected.
15:47:51 INFO  : 'jtag frequency' command is executed.
15:47:51 INFO  : Sourcing of 'D:/github/Floaty-wiggle-board/Floaty-wiggle-board/Floaty-wiggle-board.sdk/Floaty_board_design_wrapper_hw_platform_0/ps7_init.tcl' is done.
15:47:51 INFO  : Context for 'APU' is selected.
15:47:51 INFO  : Hardware design information is loaded from 'D:/github/Floaty-wiggle-board/Floaty-wiggle-board/Floaty-wiggle-board.sdk/Floaty_board_design_wrapper_hw_platform_0/system.hdf'.
15:47:51 INFO  : 'configparams force-mem-access 1' command is executed.
15:47:51 INFO  : Context for 'APU' is selected.
15:47:51 INFO  : 'stop' command is executed.
15:47:52 INFO  : 'ps7_init' command is executed.
15:47:52 INFO  : 'ps7_post_config' command is executed.
15:47:52 INFO  : Context for processor 'ps7_cortexa9_0' is selected.
15:47:52 INFO  : Processor reset is completed for 'ps7_cortexa9_0'.
15:47:52 INFO  : Context for processor 'ps7_cortexa9_0' is selected.
15:47:52 INFO  : The application 'D:/github/Floaty-wiggle-board/Floaty-wiggle-board/Floaty-wiggle-board.sdk/FWB_software/Debug/FWB_software.elf' is downloaded to processor 'ps7_cortexa9_0'.
15:47:52 INFO  : 'configparams force-mem-access 0' command is executed.
15:47:52 INFO  : ----------------XSDB Script----------------
connect -url tcp:127.0.0.1:3121
source D:/github/Floaty-wiggle-board/Floaty-wiggle-board/Floaty-wiggle-board.sdk/Floaty_board_design_wrapper_hw_platform_0/ps7_init.tcl
targets -set -nocase -filter {name =~"APU*" && jtag_cable_name =~ "Digilent Zybo Z7 210351A77B4FA"} -index 0
loadhw -hw D:/github/Floaty-wiggle-board/Floaty-wiggle-board/Floaty-wiggle-board.sdk/Floaty_board_design_wrapper_hw_platform_0/system.hdf -mem-ranges [list {0x40000000 0xbfffffff}]
configparams force-mem-access 1
targets -set -nocase -filter {name =~"APU*" && jtag_cable_name =~ "Digilent Zybo Z7 210351A77B4FA"} -index 0
stop
ps7_init
ps7_post_config
targets -set -nocase -filter {name =~ "ARM*#0" && jtag_cable_name =~ "Digilent Zybo Z7 210351A77B4FA"} -index 0
rst -processor
targets -set -nocase -filter {name =~ "ARM*#0" && jtag_cable_name =~ "Digilent Zybo Z7 210351A77B4FA"} -index 0
dow D:/github/Floaty-wiggle-board/Floaty-wiggle-board/Floaty-wiggle-board.sdk/FWB_software/Debug/FWB_software.elf
configparams force-mem-access 0
----------------End of Script----------------

15:47:52 INFO  : Context for processor 'ps7_cortexa9_0' is selected.
15:47:52 INFO  : 'con' command is executed.
15:47:52 INFO  : ----------------XSDB Script (After Launch)----------------
targets -set -nocase -filter {name =~ "ARM*#0" && jtag_cable_name =~ "Digilent Zybo Z7 210351A77B4FA"} -index 0
con
----------------End of Script----------------

15:47:52 INFO  : Disconnected from the channel tcfchan#1.
11:56:29 INFO  : Registering command handlers for SDK TCF services
11:56:30 INFO  : Launching XSCT server: xsct.bat -interactive D:\github\Floaty-wiggle-board\Floaty-wiggle-board\Floaty-wiggle-board.sdk\temp_xsdb_launch_script.tcl
11:56:34 INFO  : XSCT server has started successfully.
11:56:34 INFO  : Successfully done setting XSCT server connection channel  
11:56:37 INFO  : Successfully done setting SDK workspace  
11:56:37 INFO  : Processing command line option -hwspec D:/github/Floaty-wiggle-board/Floaty-wiggle-board/Floaty-wiggle-board.sdk/Floaty_board_design_wrapper.hdf.
11:56:37 INFO  : Checking for hwspec changes in the project Floaty_board_design_wrapper_hw_platform_0.
11:56:43 INFO  : SDK has detected change in the last modified timestamps for source hardware specification file Source:1572260049305,  Project:1571318242766
11:56:43 INFO  : The hardware specification for project 'Floaty_board_design_wrapper_hw_platform_0' is different from D:/github/Floaty-wiggle-board/Floaty-wiggle-board/Floaty-wiggle-board.sdk/Floaty_board_design_wrapper.hdf.
11:56:44 INFO  : Copied contents of D:/github/Floaty-wiggle-board/Floaty-wiggle-board/Floaty-wiggle-board.sdk/Floaty_board_design_wrapper.hdf into \Floaty_board_design_wrapper_hw_platform_0\system.hdf.
11:56:47 INFO  : Synchronizing projects in the workspace with the hardware platform specification changes.
11:56:54 ERROR : (XSDB Server)ERROR: [Hsi 55-1545] Problem running tcl command ::sw_standalone_v6_7::generate : ERROR: ps7_cortexa9 does not support axi_timer_0 
    while executing
"error "ERROR: $proctype does not support $sleep_timer ""
    (procedure "xsleep_timer_config" line 27)
    invoked from within
"xsleep_timer_config $proctype $os_handle $file_handle"
    (procedure "::sw_standalone_v6_7::generate" line 405)
    invoked from within
"::sw_standalone_v6_7::generate standalone"
ERROR: [Hsi 55-1442] Error(s) while running TCL procedure generate()

11:56:54 ERROR : (XSDB Server)ERROR: [Hsi 55-1450] Error: running generate_bsp.

11:56:54 ERROR : Failed to call sync_sw_with_hw_change
Reason: ERROR: [Common 17-39] 'hsi::generate_bsp' failed due to earlier errors.

11:56:54 ERROR : Error updating BSP project MSS files.
11:56:55 INFO  : Updating hardware inferred compiler options for FWB_software.
11:56:55 INFO  : Clearing existing target manager status.
12:05:00 INFO  : 'targets -set -filter {jtag_cable_name =~ "Digilent Zybo Z7 210351A77B4FA" && level==0} -index 1' command is executed.
12:05:00 INFO  : 'fpga -state' command is executed.
12:05:05 INFO  : Connected to target on host '127.0.0.1' and port '3121'.
12:05:05 INFO  : Jtag cable 'Digilent Zybo Z7 210351A77B4FA' is selected.
12:05:05 INFO  : 'jtag frequency' command is executed.
12:05:05 INFO  : Sourcing of 'D:/github/Floaty-wiggle-board/Floaty-wiggle-board/Floaty-wiggle-board.sdk/Floaty_board_design_wrapper_hw_platform_0/ps7_init.tcl' is done.
12:05:05 INFO  : Context for 'APU' is selected.
12:05:06 INFO  : Hardware design information is loaded from 'D:/github/Floaty-wiggle-board/Floaty-wiggle-board/Floaty-wiggle-board.sdk/Floaty_board_design_wrapper_hw_platform_0/system.hdf'.
12:05:06 INFO  : 'configparams force-mem-access 1' command is executed.
12:05:06 INFO  : Context for 'APU' is selected.
12:05:06 INFO  : 'stop' command is executed.
12:05:07 INFO  : 'ps7_init' command is executed.
12:05:07 INFO  : 'ps7_post_config' command is executed.
12:05:07 INFO  : Context for processor 'ps7_cortexa9_0' is selected.
12:05:07 INFO  : Processor reset is completed for 'ps7_cortexa9_0'.
12:05:07 INFO  : Context for processor 'ps7_cortexa9_0' is selected.
12:05:07 INFO  : The application 'D:/github/Floaty-wiggle-board/Floaty-wiggle-board/Floaty-wiggle-board.sdk/FWB_software/Debug/FWB_software.elf' is downloaded to processor 'ps7_cortexa9_0'.
12:05:07 INFO  : 'configparams force-mem-access 0' command is executed.
12:05:07 INFO  : ----------------XSDB Script----------------
connect -url tcp:127.0.0.1:3121
source D:/github/Floaty-wiggle-board/Floaty-wiggle-board/Floaty-wiggle-board.sdk/Floaty_board_design_wrapper_hw_platform_0/ps7_init.tcl
targets -set -nocase -filter {name =~"APU*" && jtag_cable_name =~ "Digilent Zybo Z7 210351A77B4FA"} -index 0
loadhw -hw D:/github/Floaty-wiggle-board/Floaty-wiggle-board/Floaty-wiggle-board.sdk/Floaty_board_design_wrapper_hw_platform_0/system.hdf -mem-ranges [list {0x40000000 0xbfffffff}]
configparams force-mem-access 1
targets -set -nocase -filter {name =~"APU*" && jtag_cable_name =~ "Digilent Zybo Z7 210351A77B4FA"} -index 0
stop
ps7_init
ps7_post_config
targets -set -nocase -filter {name =~ "ARM*#0" && jtag_cable_name =~ "Digilent Zybo Z7 210351A77B4FA"} -index 0
rst -processor
targets -set -nocase -filter {name =~ "ARM*#0" && jtag_cable_name =~ "Digilent Zybo Z7 210351A77B4FA"} -index 0
dow D:/github/Floaty-wiggle-board/Floaty-wiggle-board/Floaty-wiggle-board.sdk/FWB_software/Debug/FWB_software.elf
configparams force-mem-access 0
----------------End of Script----------------

12:05:08 INFO  : Context for processor 'ps7_cortexa9_0' is selected.
12:05:08 INFO  : 'con' command is executed.
12:05:08 INFO  : ----------------XSDB Script (After Launch)----------------
targets -set -nocase -filter {name =~ "ARM*#0" && jtag_cable_name =~ "Digilent Zybo Z7 210351A77B4FA"} -index 0
con
----------------End of Script----------------

12:05:08 INFO  : Disconnected from the channel tcfchan#1.
12:07:57 INFO  : 'targets -set -filter {jtag_cable_name =~ "Digilent Zybo Z7 210351A77B4FA" && level==0} -index 1' command is executed.
12:07:57 INFO  : 'fpga -state' command is executed.
12:08:00 INFO  : Connected to target on host '127.0.0.1' and port '3121'.
12:08:00 INFO  : Jtag cable 'Digilent Zybo Z7 210351A77B4FA' is selected.
12:08:00 INFO  : 'jtag frequency' command is executed.
12:08:00 INFO  : Sourcing of 'D:/github/Floaty-wiggle-board/Floaty-wiggle-board/Floaty-wiggle-board.sdk/Floaty_board_design_wrapper_hw_platform_0/ps7_init.tcl' is done.
12:08:00 INFO  : Context for 'APU' is selected.
12:08:02 INFO  : Hardware design information is loaded from 'D:/github/Floaty-wiggle-board/Floaty-wiggle-board/Floaty-wiggle-board.sdk/Floaty_board_design_wrapper_hw_platform_0/system.hdf'.
12:08:02 INFO  : 'configparams force-mem-access 1' command is executed.
12:08:02 INFO  : Context for 'APU' is selected.
12:08:02 INFO  : 'stop' command is executed.
12:08:02 INFO  : 'ps7_init' command is executed.
12:08:02 INFO  : 'ps7_post_config' command is executed.
12:08:02 INFO  : Context for processor 'ps7_cortexa9_0' is selected.
12:08:02 INFO  : Processor reset is completed for 'ps7_cortexa9_0'.
12:08:02 INFO  : Context for processor 'ps7_cortexa9_0' is selected.
12:08:03 INFO  : The application 'D:/github/Floaty-wiggle-board/Floaty-wiggle-board/Floaty-wiggle-board.sdk/FWB_software/Debug/FWB_software.elf' is downloaded to processor 'ps7_cortexa9_0'.
12:08:03 INFO  : 'configparams force-mem-access 0' command is executed.
12:08:03 INFO  : ----------------XSDB Script----------------
connect -url tcp:127.0.0.1:3121
source D:/github/Floaty-wiggle-board/Floaty-wiggle-board/Floaty-wiggle-board.sdk/Floaty_board_design_wrapper_hw_platform_0/ps7_init.tcl
targets -set -nocase -filter {name =~"APU*" && jtag_cable_name =~ "Digilent Zybo Z7 210351A77B4FA"} -index 0
loadhw -hw D:/github/Floaty-wiggle-board/Floaty-wiggle-board/Floaty-wiggle-board.sdk/Floaty_board_design_wrapper_hw_platform_0/system.hdf -mem-ranges [list {0x40000000 0xbfffffff}]
configparams force-mem-access 1
targets -set -nocase -filter {name =~"APU*" && jtag_cable_name =~ "Digilent Zybo Z7 210351A77B4FA"} -index 0
stop
ps7_init
ps7_post_config
targets -set -nocase -filter {name =~ "ARM*#0" && jtag_cable_name =~ "Digilent Zybo Z7 210351A77B4FA"} -index 0
rst -processor
targets -set -nocase -filter {name =~ "ARM*#0" && jtag_cable_name =~ "Digilent Zybo Z7 210351A77B4FA"} -index 0
dow D:/github/Floaty-wiggle-board/Floaty-wiggle-board/Floaty-wiggle-board.sdk/FWB_software/Debug/FWB_software.elf
configparams force-mem-access 0
----------------End of Script----------------

12:08:03 INFO  : Context for processor 'ps7_cortexa9_0' is selected.
12:08:03 INFO  : 'con' command is executed.
12:08:03 INFO  : ----------------XSDB Script (After Launch)----------------
targets -set -nocase -filter {name =~ "ARM*#0" && jtag_cable_name =~ "Digilent Zybo Z7 210351A77B4FA"} -index 0
con
----------------End of Script----------------

12:08:03 INFO  : Disconnected from the channel tcfchan#2.
12:10:37 INFO  : 'targets -set -filter {jtag_cable_name =~ "Digilent Zybo Z7 210351A77B4FA" && level==0} -index 1' command is executed.
12:10:37 INFO  : 'fpga -state' command is executed.
12:10:40 INFO  : Connected to target on host '127.0.0.1' and port '3121'.
12:10:40 INFO  : Jtag cable 'Digilent Zybo Z7 210351A77B4FA' is selected.
12:10:40 INFO  : 'jtag frequency' command is executed.
12:10:40 INFO  : Sourcing of 'D:/github/Floaty-wiggle-board/Floaty-wiggle-board/Floaty-wiggle-board.sdk/Floaty_board_design_wrapper_hw_platform_0/ps7_init.tcl' is done.
12:10:40 INFO  : Context for 'APU' is selected.
12:10:40 INFO  : Hardware design information is loaded from 'D:/github/Floaty-wiggle-board/Floaty-wiggle-board/Floaty-wiggle-board.sdk/Floaty_board_design_wrapper_hw_platform_0/system.hdf'.
12:10:40 INFO  : 'configparams force-mem-access 1' command is executed.
12:10:40 INFO  : Context for 'APU' is selected.
12:10:40 INFO  : 'stop' command is executed.
12:10:41 INFO  : 'ps7_init' command is executed.
12:10:41 INFO  : 'ps7_post_config' command is executed.
12:10:41 INFO  : Context for processor 'ps7_cortexa9_0' is selected.
12:10:41 INFO  : Processor reset is completed for 'ps7_cortexa9_0'.
12:10:41 INFO  : Context for processor 'ps7_cortexa9_0' is selected.
12:10:41 INFO  : The application 'D:/github/Floaty-wiggle-board/Floaty-wiggle-board/Floaty-wiggle-board.sdk/FWB_software/Debug/FWB_software.elf' is downloaded to processor 'ps7_cortexa9_0'.
12:10:41 INFO  : 'configparams force-mem-access 0' command is executed.
12:10:41 INFO  : ----------------XSDB Script----------------
connect -url tcp:127.0.0.1:3121
source D:/github/Floaty-wiggle-board/Floaty-wiggle-board/Floaty-wiggle-board.sdk/Floaty_board_design_wrapper_hw_platform_0/ps7_init.tcl
targets -set -nocase -filter {name =~"APU*" && jtag_cable_name =~ "Digilent Zybo Z7 210351A77B4FA"} -index 0
loadhw -hw D:/github/Floaty-wiggle-board/Floaty-wiggle-board/Floaty-wiggle-board.sdk/Floaty_board_design_wrapper_hw_platform_0/system.hdf -mem-ranges [list {0x40000000 0xbfffffff}]
configparams force-mem-access 1
targets -set -nocase -filter {name =~"APU*" && jtag_cable_name =~ "Digilent Zybo Z7 210351A77B4FA"} -index 0
stop
ps7_init
ps7_post_config
targets -set -nocase -filter {name =~ "ARM*#0" && jtag_cable_name =~ "Digilent Zybo Z7 210351A77B4FA"} -index 0
rst -processor
targets -set -nocase -filter {name =~ "ARM*#0" && jtag_cable_name =~ "Digilent Zybo Z7 210351A77B4FA"} -index 0
dow D:/github/Floaty-wiggle-board/Floaty-wiggle-board/Floaty-wiggle-board.sdk/FWB_software/Debug/FWB_software.elf
configparams force-mem-access 0
----------------End of Script----------------

12:10:41 INFO  : Context for processor 'ps7_cortexa9_0' is selected.
12:10:41 INFO  : 'con' command is executed.
12:10:41 INFO  : ----------------XSDB Script (After Launch)----------------
targets -set -nocase -filter {name =~ "ARM*#0" && jtag_cable_name =~ "Digilent Zybo Z7 210351A77B4FA"} -index 0
con
----------------End of Script----------------

12:10:41 INFO  : Disconnected from the channel tcfchan#3.
12:46:19 INFO  : 'targets -set -filter {jtag_cable_name =~ "Digilent Zybo Z7 210351A77B4FA" && level==0} -index 1' command is executed.
12:46:19 INFO  : 'fpga -state' command is executed.
12:46:21 INFO  : Connected to target on host '127.0.0.1' and port '3121'.
12:46:21 INFO  : Jtag cable 'Digilent Zybo Z7 210351A77B4FA' is selected.
12:46:21 INFO  : 'jtag frequency' command is executed.
12:46:21 INFO  : Sourcing of 'D:/github/Floaty-wiggle-board/Floaty-wiggle-board/Floaty-wiggle-board.sdk/Floaty_board_design_wrapper_hw_platform_0/ps7_init.tcl' is done.
12:46:21 INFO  : Context for 'APU' is selected.
12:46:21 INFO  : Hardware design information is loaded from 'D:/github/Floaty-wiggle-board/Floaty-wiggle-board/Floaty-wiggle-board.sdk/Floaty_board_design_wrapper_hw_platform_0/system.hdf'.
12:46:21 INFO  : 'configparams force-mem-access 1' command is executed.
12:46:21 INFO  : Context for 'APU' is selected.
12:46:21 INFO  : 'stop' command is executed.
12:46:22 INFO  : 'ps7_init' command is executed.
12:46:22 INFO  : 'ps7_post_config' command is executed.
12:46:22 INFO  : Context for processor 'ps7_cortexa9_0' is selected.
12:46:22 INFO  : Processor reset is completed for 'ps7_cortexa9_0'.
12:46:22 INFO  : Context for processor 'ps7_cortexa9_0' is selected.
12:46:22 INFO  : The application 'D:/github/Floaty-wiggle-board/Floaty-wiggle-board/Floaty-wiggle-board.sdk/FWB_software/Debug/FWB_software.elf' is downloaded to processor 'ps7_cortexa9_0'.
12:46:22 INFO  : 'configparams force-mem-access 0' command is executed.
12:46:22 INFO  : ----------------XSDB Script----------------
connect -url tcp:127.0.0.1:3121
source D:/github/Floaty-wiggle-board/Floaty-wiggle-board/Floaty-wiggle-board.sdk/Floaty_board_design_wrapper_hw_platform_0/ps7_init.tcl
targets -set -nocase -filter {name =~"APU*" && jtag_cable_name =~ "Digilent Zybo Z7 210351A77B4FA"} -index 0
loadhw -hw D:/github/Floaty-wiggle-board/Floaty-wiggle-board/Floaty-wiggle-board.sdk/Floaty_board_design_wrapper_hw_platform_0/system.hdf -mem-ranges [list {0x40000000 0xbfffffff}]
configparams force-mem-access 1
targets -set -nocase -filter {name =~"APU*" && jtag_cable_name =~ "Digilent Zybo Z7 210351A77B4FA"} -index 0
stop
ps7_init
ps7_post_config
targets -set -nocase -filter {name =~ "ARM*#0" && jtag_cable_name =~ "Digilent Zybo Z7 210351A77B4FA"} -index 0
rst -processor
targets -set -nocase -filter {name =~ "ARM*#0" && jtag_cable_name =~ "Digilent Zybo Z7 210351A77B4FA"} -index 0
dow D:/github/Floaty-wiggle-board/Floaty-wiggle-board/Floaty-wiggle-board.sdk/FWB_software/Debug/FWB_software.elf
configparams force-mem-access 0
----------------End of Script----------------

12:46:22 INFO  : Context for processor 'ps7_cortexa9_0' is selected.
12:46:22 INFO  : 'con' command is executed.
12:46:22 INFO  : ----------------XSDB Script (After Launch)----------------
targets -set -nocase -filter {name =~ "ARM*#0" && jtag_cable_name =~ "Digilent Zybo Z7 210351A77B4FA"} -index 0
con
----------------End of Script----------------

12:46:22 INFO  : Disconnected from the channel tcfchan#4.
12:46:53 INFO  : 'targets -set -filter {jtag_cable_name =~ "Digilent Zybo Z7 210351A77B4FA" && level==0} -index 1' command is executed.
12:46:53 INFO  : 'fpga -state' command is executed.
12:46:55 INFO  : Connected to target on host '127.0.0.1' and port '3121'.
12:46:55 INFO  : Jtag cable 'Digilent Zybo Z7 210351A77B4FA' is selected.
12:46:55 INFO  : 'jtag frequency' command is executed.
12:46:55 INFO  : Sourcing of 'D:/github/Floaty-wiggle-board/Floaty-wiggle-board/Floaty-wiggle-board.sdk/Floaty_board_design_wrapper_hw_platform_0/ps7_init.tcl' is done.
12:46:55 INFO  : Context for 'APU' is selected.
12:46:55 INFO  : Hardware design information is loaded from 'D:/github/Floaty-wiggle-board/Floaty-wiggle-board/Floaty-wiggle-board.sdk/Floaty_board_design_wrapper_hw_platform_0/system.hdf'.
12:46:55 INFO  : 'configparams force-mem-access 1' command is executed.
12:46:55 INFO  : Context for 'APU' is selected.
12:46:55 INFO  : 'stop' command is executed.
12:46:56 INFO  : 'ps7_init' command is executed.
12:46:56 INFO  : 'ps7_post_config' command is executed.
12:46:56 INFO  : Context for processor 'ps7_cortexa9_0' is selected.
12:46:56 INFO  : Processor reset is completed for 'ps7_cortexa9_0'.
12:46:56 INFO  : Context for processor 'ps7_cortexa9_0' is selected.
12:46:56 INFO  : The application 'D:/github/Floaty-wiggle-board/Floaty-wiggle-board/Floaty-wiggle-board.sdk/FWB_software/Debug/FWB_software.elf' is downloaded to processor 'ps7_cortexa9_0'.
12:46:56 INFO  : 'configparams force-mem-access 0' command is executed.
12:46:56 INFO  : ----------------XSDB Script----------------
connect -url tcp:127.0.0.1:3121
source D:/github/Floaty-wiggle-board/Floaty-wiggle-board/Floaty-wiggle-board.sdk/Floaty_board_design_wrapper_hw_platform_0/ps7_init.tcl
targets -set -nocase -filter {name =~"APU*" && jtag_cable_name =~ "Digilent Zybo Z7 210351A77B4FA"} -index 0
loadhw -hw D:/github/Floaty-wiggle-board/Floaty-wiggle-board/Floaty-wiggle-board.sdk/Floaty_board_design_wrapper_hw_platform_0/system.hdf -mem-ranges [list {0x40000000 0xbfffffff}]
configparams force-mem-access 1
targets -set -nocase -filter {name =~"APU*" && jtag_cable_name =~ "Digilent Zybo Z7 210351A77B4FA"} -index 0
stop
ps7_init
ps7_post_config
targets -set -nocase -filter {name =~ "ARM*#0" && jtag_cable_name =~ "Digilent Zybo Z7 210351A77B4FA"} -index 0
rst -processor
targets -set -nocase -filter {name =~ "ARM*#0" && jtag_cable_name =~ "Digilent Zybo Z7 210351A77B4FA"} -index 0
dow D:/github/Floaty-wiggle-board/Floaty-wiggle-board/Floaty-wiggle-board.sdk/FWB_software/Debug/FWB_software.elf
configparams force-mem-access 0
----------------End of Script----------------

12:46:56 INFO  : Context for processor 'ps7_cortexa9_0' is selected.
12:46:56 INFO  : 'con' command is executed.
12:46:56 INFO  : ----------------XSDB Script (After Launch)----------------
targets -set -nocase -filter {name =~ "ARM*#0" && jtag_cable_name =~ "Digilent Zybo Z7 210351A77B4FA"} -index 0
con
----------------End of Script----------------

12:46:56 INFO  : Disconnected from the channel tcfchan#5.
12:47:17 INFO  : 'targets -set -filter {jtag_cable_name =~ "Digilent Zybo Z7 210351A77B4FA" && level==0} -index 1' command is executed.
12:47:17 INFO  : 'fpga -state' command is executed.
12:47:19 INFO  : Connected to target on host '127.0.0.1' and port '3121'.
12:47:19 INFO  : Jtag cable 'Digilent Zybo Z7 210351A77B4FA' is selected.
12:47:19 INFO  : 'jtag frequency' command is executed.
12:47:19 INFO  : Sourcing of 'D:/github/Floaty-wiggle-board/Floaty-wiggle-board/Floaty-wiggle-board.sdk/Floaty_board_design_wrapper_hw_platform_0/ps7_init.tcl' is done.
12:47:19 INFO  : Context for 'APU' is selected.
12:47:19 INFO  : Hardware design information is loaded from 'D:/github/Floaty-wiggle-board/Floaty-wiggle-board/Floaty-wiggle-board.sdk/Floaty_board_design_wrapper_hw_platform_0/system.hdf'.
12:47:19 INFO  : 'configparams force-mem-access 1' command is executed.
12:47:19 INFO  : Context for 'APU' is selected.
12:47:19 INFO  : 'stop' command is executed.
12:47:19 INFO  : 'ps7_init' command is executed.
12:47:19 INFO  : 'ps7_post_config' command is executed.
12:47:19 INFO  : Context for processor 'ps7_cortexa9_0' is selected.
12:47:19 INFO  : Processor reset is completed for 'ps7_cortexa9_0'.
12:47:19 INFO  : Context for processor 'ps7_cortexa9_0' is selected.
12:47:20 INFO  : The application 'D:/github/Floaty-wiggle-board/Floaty-wiggle-board/Floaty-wiggle-board.sdk/FWB_software/Debug/FWB_software.elf' is downloaded to processor 'ps7_cortexa9_0'.
12:47:20 INFO  : 'configparams force-mem-access 0' command is executed.
12:47:20 INFO  : ----------------XSDB Script----------------
connect -url tcp:127.0.0.1:3121
source D:/github/Floaty-wiggle-board/Floaty-wiggle-board/Floaty-wiggle-board.sdk/Floaty_board_design_wrapper_hw_platform_0/ps7_init.tcl
targets -set -nocase -filter {name =~"APU*" && jtag_cable_name =~ "Digilent Zybo Z7 210351A77B4FA"} -index 0
loadhw -hw D:/github/Floaty-wiggle-board/Floaty-wiggle-board/Floaty-wiggle-board.sdk/Floaty_board_design_wrapper_hw_platform_0/system.hdf -mem-ranges [list {0x40000000 0xbfffffff}]
configparams force-mem-access 1
targets -set -nocase -filter {name =~"APU*" && jtag_cable_name =~ "Digilent Zybo Z7 210351A77B4FA"} -index 0
stop
ps7_init
ps7_post_config
targets -set -nocase -filter {name =~ "ARM*#0" && jtag_cable_name =~ "Digilent Zybo Z7 210351A77B4FA"} -index 0
rst -processor
targets -set -nocase -filter {name =~ "ARM*#0" && jtag_cable_name =~ "Digilent Zybo Z7 210351A77B4FA"} -index 0
dow D:/github/Floaty-wiggle-board/Floaty-wiggle-board/Floaty-wiggle-board.sdk/FWB_software/Debug/FWB_software.elf
configparams force-mem-access 0
----------------End of Script----------------

12:47:20 INFO  : Context for processor 'ps7_cortexa9_0' is selected.
12:47:20 INFO  : 'con' command is executed.
12:47:20 INFO  : ----------------XSDB Script (After Launch)----------------
targets -set -nocase -filter {name =~ "ARM*#0" && jtag_cable_name =~ "Digilent Zybo Z7 210351A77B4FA"} -index 0
con
----------------End of Script----------------

12:47:20 INFO  : Disconnected from the channel tcfchan#6.
13:03:31 INFO  : 'targets -set -filter {jtag_cable_name =~ "Digilent Zybo Z7 210351A77B4FA" && level==0} -index 1' command is executed.
13:03:31 INFO  : 'fpga -state' command is executed.
13:03:40 INFO  : Connected to target on host '127.0.0.1' and port '3121'.
13:03:40 INFO  : Jtag cable 'Digilent Zybo Z7 210351A77B4FA' is selected.
13:03:40 INFO  : 'jtag frequency' command is executed.
13:03:40 INFO  : Sourcing of 'D:/github/Floaty-wiggle-board/Floaty-wiggle-board/Floaty-wiggle-board.sdk/Floaty_board_design_wrapper_hw_platform_0/ps7_init.tcl' is done.
13:03:41 INFO  : Context for 'APU' is selected.
13:03:41 INFO  : Hardware design information is loaded from 'D:/github/Floaty-wiggle-board/Floaty-wiggle-board/Floaty-wiggle-board.sdk/Floaty_board_design_wrapper_hw_platform_0/system.hdf'.
13:03:41 INFO  : 'configparams force-mem-access 1' command is executed.
13:03:41 INFO  : Context for 'APU' is selected.
13:03:41 INFO  : 'stop' command is executed.
13:03:41 INFO  : 'ps7_init' command is executed.
13:03:41 INFO  : 'ps7_post_config' command is executed.
13:03:41 INFO  : Context for processor 'ps7_cortexa9_0' is selected.
13:03:41 INFO  : Processor reset is completed for 'ps7_cortexa9_0'.
13:03:41 INFO  : Context for processor 'ps7_cortexa9_0' is selected.
13:03:41 INFO  : The application 'D:/github/Floaty-wiggle-board/Floaty-wiggle-board/Floaty-wiggle-board.sdk/FWB_software/Debug/FWB_software.elf' is downloaded to processor 'ps7_cortexa9_0'.
13:03:41 INFO  : 'configparams force-mem-access 0' command is executed.
13:03:41 INFO  : ----------------XSDB Script----------------
connect -url tcp:127.0.0.1:3121
source D:/github/Floaty-wiggle-board/Floaty-wiggle-board/Floaty-wiggle-board.sdk/Floaty_board_design_wrapper_hw_platform_0/ps7_init.tcl
targets -set -nocase -filter {name =~"APU*" && jtag_cable_name =~ "Digilent Zybo Z7 210351A77B4FA"} -index 0
loadhw -hw D:/github/Floaty-wiggle-board/Floaty-wiggle-board/Floaty-wiggle-board.sdk/Floaty_board_design_wrapper_hw_platform_0/system.hdf -mem-ranges [list {0x40000000 0xbfffffff}]
configparams force-mem-access 1
targets -set -nocase -filter {name =~"APU*" && jtag_cable_name =~ "Digilent Zybo Z7 210351A77B4FA"} -index 0
stop
ps7_init
ps7_post_config
targets -set -nocase -filter {name =~ "ARM*#0" && jtag_cable_name =~ "Digilent Zybo Z7 210351A77B4FA"} -index 0
rst -processor
targets -set -nocase -filter {name =~ "ARM*#0" && jtag_cable_name =~ "Digilent Zybo Z7 210351A77B4FA"} -index 0
dow D:/github/Floaty-wiggle-board/Floaty-wiggle-board/Floaty-wiggle-board.sdk/FWB_software/Debug/FWB_software.elf
configparams force-mem-access 0
----------------End of Script----------------

13:03:41 INFO  : Context for processor 'ps7_cortexa9_0' is selected.
13:03:41 INFO  : 'con' command is executed.
13:03:41 INFO  : ----------------XSDB Script (After Launch)----------------
targets -set -nocase -filter {name =~ "ARM*#0" && jtag_cable_name =~ "Digilent Zybo Z7 210351A77B4FA"} -index 0
con
----------------End of Script----------------

13:03:41 INFO  : Disconnected from the channel tcfchan#7.
13:08:29 INFO  : 'targets -set -filter {jtag_cable_name =~ "Digilent Zybo Z7 210351A77B4FA" && level==0} -index 1' command is executed.
13:08:29 INFO  : 'fpga -state' command is executed.
13:08:31 INFO  : Connected to target on host '127.0.0.1' and port '3121'.
13:08:31 INFO  : Jtag cable 'Digilent Zybo Z7 210351A77B4FA' is selected.
13:08:31 INFO  : 'jtag frequency' command is executed.
13:08:31 INFO  : Sourcing of 'D:/github/Floaty-wiggle-board/Floaty-wiggle-board/Floaty-wiggle-board.sdk/Floaty_board_design_wrapper_hw_platform_0/ps7_init.tcl' is done.
13:08:32 INFO  : Context for 'APU' is selected.
13:08:32 INFO  : Hardware design information is loaded from 'D:/github/Floaty-wiggle-board/Floaty-wiggle-board/Floaty-wiggle-board.sdk/Floaty_board_design_wrapper_hw_platform_0/system.hdf'.
13:08:32 INFO  : 'configparams force-mem-access 1' command is executed.
13:08:32 INFO  : Context for 'APU' is selected.
13:08:32 INFO  : 'stop' command is executed.
13:08:33 INFO  : 'ps7_init' command is executed.
13:08:33 INFO  : 'ps7_post_config' command is executed.
13:08:33 INFO  : Context for processor 'ps7_cortexa9_0' is selected.
13:08:33 INFO  : Processor reset is completed for 'ps7_cortexa9_0'.
13:08:33 INFO  : Context for processor 'ps7_cortexa9_0' is selected.
13:08:34 INFO  : The application 'D:/github/Floaty-wiggle-board/Floaty-wiggle-board/Floaty-wiggle-board.sdk/FWB_software/Debug/FWB_software.elf' is downloaded to processor 'ps7_cortexa9_0'.
13:08:34 INFO  : 'configparams force-mem-access 0' command is executed.
13:08:34 INFO  : ----------------XSDB Script----------------
connect -url tcp:127.0.0.1:3121
source D:/github/Floaty-wiggle-board/Floaty-wiggle-board/Floaty-wiggle-board.sdk/Floaty_board_design_wrapper_hw_platform_0/ps7_init.tcl
targets -set -nocase -filter {name =~"APU*" && jtag_cable_name =~ "Digilent Zybo Z7 210351A77B4FA"} -index 0
loadhw -hw D:/github/Floaty-wiggle-board/Floaty-wiggle-board/Floaty-wiggle-board.sdk/Floaty_board_design_wrapper_hw_platform_0/system.hdf -mem-ranges [list {0x40000000 0xbfffffff}]
configparams force-mem-access 1
targets -set -nocase -filter {name =~"APU*" && jtag_cable_name =~ "Digilent Zybo Z7 210351A77B4FA"} -index 0
stop
ps7_init
ps7_post_config
targets -set -nocase -filter {name =~ "ARM*#0" && jtag_cable_name =~ "Digilent Zybo Z7 210351A77B4FA"} -index 0
rst -processor
targets -set -nocase -filter {name =~ "ARM*#0" && jtag_cable_name =~ "Digilent Zybo Z7 210351A77B4FA"} -index 0
dow D:/github/Floaty-wiggle-board/Floaty-wiggle-board/Floaty-wiggle-board.sdk/FWB_software/Debug/FWB_software.elf
configparams force-mem-access 0
----------------End of Script----------------

13:08:34 INFO  : Context for processor 'ps7_cortexa9_0' is selected.
13:08:34 INFO  : 'con' command is executed.
13:08:34 INFO  : ----------------XSDB Script (After Launch)----------------
targets -set -nocase -filter {name =~ "ARM*#0" && jtag_cable_name =~ "Digilent Zybo Z7 210351A77B4FA"} -index 0
con
----------------End of Script----------------

13:08:34 INFO  : Disconnected from the channel tcfchan#8.
13:09:38 INFO  : 'targets -set -filter {jtag_cable_name =~ "Digilent Zybo Z7 210351A77B4FA" && level==0} -index 1' command is executed.
13:09:38 INFO  : 'fpga -state' command is executed.
13:09:40 INFO  : Connected to target on host '127.0.0.1' and port '3121'.
13:09:40 INFO  : Jtag cable 'Digilent Zybo Z7 210351A77B4FA' is selected.
13:09:40 INFO  : 'jtag frequency' command is executed.
13:09:40 INFO  : Sourcing of 'D:/github/Floaty-wiggle-board/Floaty-wiggle-board/Floaty-wiggle-board.sdk/Floaty_board_design_wrapper_hw_platform_0/ps7_init.tcl' is done.
13:09:40 INFO  : Context for 'APU' is selected.
13:09:40 INFO  : Hardware design information is loaded from 'D:/github/Floaty-wiggle-board/Floaty-wiggle-board/Floaty-wiggle-board.sdk/Floaty_board_design_wrapper_hw_platform_0/system.hdf'.
13:09:40 INFO  : 'configparams force-mem-access 1' command is executed.
13:09:40 INFO  : Context for 'APU' is selected.
13:09:40 INFO  : 'stop' command is executed.
13:09:40 INFO  : 'ps7_init' command is executed.
13:09:40 INFO  : 'ps7_post_config' command is executed.
13:09:40 INFO  : Context for processor 'ps7_cortexa9_0' is selected.
13:09:40 INFO  : Processor reset is completed for 'ps7_cortexa9_0'.
13:09:40 INFO  : Context for processor 'ps7_cortexa9_0' is selected.
13:09:40 INFO  : The application 'D:/github/Floaty-wiggle-board/Floaty-wiggle-board/Floaty-wiggle-board.sdk/FWB_software/Debug/FWB_software.elf' is downloaded to processor 'ps7_cortexa9_0'.
13:09:40 INFO  : 'configparams force-mem-access 0' command is executed.
13:09:40 INFO  : ----------------XSDB Script----------------
connect -url tcp:127.0.0.1:3121
source D:/github/Floaty-wiggle-board/Floaty-wiggle-board/Floaty-wiggle-board.sdk/Floaty_board_design_wrapper_hw_platform_0/ps7_init.tcl
targets -set -nocase -filter {name =~"APU*" && jtag_cable_name =~ "Digilent Zybo Z7 210351A77B4FA"} -index 0
loadhw -hw D:/github/Floaty-wiggle-board/Floaty-wiggle-board/Floaty-wiggle-board.sdk/Floaty_board_design_wrapper_hw_platform_0/system.hdf -mem-ranges [list {0x40000000 0xbfffffff}]
configparams force-mem-access 1
targets -set -nocase -filter {name =~"APU*" && jtag_cable_name =~ "Digilent Zybo Z7 210351A77B4FA"} -index 0
stop
ps7_init
ps7_post_config
targets -set -nocase -filter {name =~ "ARM*#0" && jtag_cable_name =~ "Digilent Zybo Z7 210351A77B4FA"} -index 0
rst -processor
targets -set -nocase -filter {name =~ "ARM*#0" && jtag_cable_name =~ "Digilent Zybo Z7 210351A77B4FA"} -index 0
dow D:/github/Floaty-wiggle-board/Floaty-wiggle-board/Floaty-wiggle-board.sdk/FWB_software/Debug/FWB_software.elf
configparams force-mem-access 0
----------------End of Script----------------

13:09:40 INFO  : Context for processor 'ps7_cortexa9_0' is selected.
13:09:40 INFO  : 'con' command is executed.
13:09:40 INFO  : ----------------XSDB Script (After Launch)----------------
targets -set -nocase -filter {name =~ "ARM*#0" && jtag_cable_name =~ "Digilent Zybo Z7 210351A77B4FA"} -index 0
con
----------------End of Script----------------

13:09:40 INFO  : Disconnected from the channel tcfchan#9.
13:12:09 INFO  : 'targets -set -filter {jtag_cable_name =~ "Digilent Zybo Z7 210351A77B4FA" && level==0} -index 1' command is executed.
13:12:09 INFO  : 'fpga -state' command is executed.
13:12:15 INFO  : Connected to target on host '127.0.0.1' and port '3121'.
13:12:15 INFO  : Jtag cable 'Digilent Zybo Z7 210351A77B4FA' is selected.
13:12:15 INFO  : 'jtag frequency' command is executed.
13:12:15 INFO  : Sourcing of 'D:/github/Floaty-wiggle-board/Floaty-wiggle-board/Floaty-wiggle-board.sdk/Floaty_board_design_wrapper_hw_platform_0/ps7_init.tcl' is done.
13:12:15 INFO  : Context for 'APU' is selected.
13:12:16 INFO  : Hardware design information is loaded from 'D:/github/Floaty-wiggle-board/Floaty-wiggle-board/Floaty-wiggle-board.sdk/Floaty_board_design_wrapper_hw_platform_0/system.hdf'.
13:12:16 INFO  : 'configparams force-mem-access 1' command is executed.
13:12:16 INFO  : Context for 'APU' is selected.
13:12:16 INFO  : 'stop' command is executed.
13:12:16 INFO  : 'ps7_init' command is executed.
13:12:16 INFO  : 'ps7_post_config' command is executed.
13:12:16 INFO  : Context for processor 'ps7_cortexa9_0' is selected.
13:12:16 INFO  : Processor reset is completed for 'ps7_cortexa9_0'.
13:12:16 INFO  : Context for processor 'ps7_cortexa9_0' is selected.
13:12:16 INFO  : The application 'D:/github/Floaty-wiggle-board/Floaty-wiggle-board/Floaty-wiggle-board.sdk/FWB_software/Debug/FWB_software.elf' is downloaded to processor 'ps7_cortexa9_0'.
13:12:16 INFO  : 'configparams force-mem-access 0' command is executed.
13:12:16 INFO  : ----------------XSDB Script----------------
connect -url tcp:127.0.0.1:3121
source D:/github/Floaty-wiggle-board/Floaty-wiggle-board/Floaty-wiggle-board.sdk/Floaty_board_design_wrapper_hw_platform_0/ps7_init.tcl
targets -set -nocase -filter {name =~"APU*" && jtag_cable_name =~ "Digilent Zybo Z7 210351A77B4FA"} -index 0
loadhw -hw D:/github/Floaty-wiggle-board/Floaty-wiggle-board/Floaty-wiggle-board.sdk/Floaty_board_design_wrapper_hw_platform_0/system.hdf -mem-ranges [list {0x40000000 0xbfffffff}]
configparams force-mem-access 1
targets -set -nocase -filter {name =~"APU*" && jtag_cable_name =~ "Digilent Zybo Z7 210351A77B4FA"} -index 0
stop
ps7_init
ps7_post_config
targets -set -nocase -filter {name =~ "ARM*#0" && jtag_cable_name =~ "Digilent Zybo Z7 210351A77B4FA"} -index 0
rst -processor
targets -set -nocase -filter {name =~ "ARM*#0" && jtag_cable_name =~ "Digilent Zybo Z7 210351A77B4FA"} -index 0
dow D:/github/Floaty-wiggle-board/Floaty-wiggle-board/Floaty-wiggle-board.sdk/FWB_software/Debug/FWB_software.elf
configparams force-mem-access 0
----------------End of Script----------------

13:12:16 INFO  : Context for processor 'ps7_cortexa9_0' is selected.
13:12:16 INFO  : 'con' command is executed.
13:12:16 INFO  : ----------------XSDB Script (After Launch)----------------
targets -set -nocase -filter {name =~ "ARM*#0" && jtag_cable_name =~ "Digilent Zybo Z7 210351A77B4FA"} -index 0
con
----------------End of Script----------------

13:12:16 INFO  : Disconnected from the channel tcfchan#10.
13:13:31 INFO  : 'targets -set -filter {jtag_cable_name =~ "Digilent Zybo Z7 210351A77B4FA" && level==0} -index 1' command is executed.
13:13:31 INFO  : 'fpga -state' command is executed.
13:13:33 INFO  : Connected to target on host '127.0.0.1' and port '3121'.
13:13:33 INFO  : Jtag cable 'Digilent Zybo Z7 210351A77B4FA' is selected.
13:13:33 INFO  : 'jtag frequency' command is executed.
13:13:33 INFO  : Sourcing of 'D:/github/Floaty-wiggle-board/Floaty-wiggle-board/Floaty-wiggle-board.sdk/Floaty_board_design_wrapper_hw_platform_0/ps7_init.tcl' is done.
13:13:33 INFO  : Context for 'APU' is selected.
13:13:33 INFO  : Hardware design information is loaded from 'D:/github/Floaty-wiggle-board/Floaty-wiggle-board/Floaty-wiggle-board.sdk/Floaty_board_design_wrapper_hw_platform_0/system.hdf'.
13:13:33 INFO  : 'configparams force-mem-access 1' command is executed.
13:13:33 INFO  : Context for 'APU' is selected.
13:13:33 INFO  : 'stop' command is executed.
13:13:33 INFO  : 'ps7_init' command is executed.
13:13:33 INFO  : 'ps7_post_config' command is executed.
13:13:33 INFO  : Context for processor 'ps7_cortexa9_0' is selected.
13:13:33 INFO  : Processor reset is completed for 'ps7_cortexa9_0'.
13:13:33 INFO  : Context for processor 'ps7_cortexa9_0' is selected.
13:13:34 INFO  : The application 'D:/github/Floaty-wiggle-board/Floaty-wiggle-board/Floaty-wiggle-board.sdk/FWB_software/Debug/FWB_software.elf' is downloaded to processor 'ps7_cortexa9_0'.
13:13:34 INFO  : 'configparams force-mem-access 0' command is executed.
13:13:34 INFO  : ----------------XSDB Script----------------
connect -url tcp:127.0.0.1:3121
source D:/github/Floaty-wiggle-board/Floaty-wiggle-board/Floaty-wiggle-board.sdk/Floaty_board_design_wrapper_hw_platform_0/ps7_init.tcl
targets -set -nocase -filter {name =~"APU*" && jtag_cable_name =~ "Digilent Zybo Z7 210351A77B4FA"} -index 0
loadhw -hw D:/github/Floaty-wiggle-board/Floaty-wiggle-board/Floaty-wiggle-board.sdk/Floaty_board_design_wrapper_hw_platform_0/system.hdf -mem-ranges [list {0x40000000 0xbfffffff}]
configparams force-mem-access 1
targets -set -nocase -filter {name =~"APU*" && jtag_cable_name =~ "Digilent Zybo Z7 210351A77B4FA"} -index 0
stop
ps7_init
ps7_post_config
targets -set -nocase -filter {name =~ "ARM*#0" && jtag_cable_name =~ "Digilent Zybo Z7 210351A77B4FA"} -index 0
rst -processor
targets -set -nocase -filter {name =~ "ARM*#0" && jtag_cable_name =~ "Digilent Zybo Z7 210351A77B4FA"} -index 0
dow D:/github/Floaty-wiggle-board/Floaty-wiggle-board/Floaty-wiggle-board.sdk/FWB_software/Debug/FWB_software.elf
configparams force-mem-access 0
----------------End of Script----------------

13:13:34 INFO  : Context for processor 'ps7_cortexa9_0' is selected.
13:13:34 INFO  : 'con' command is executed.
13:13:34 INFO  : ----------------XSDB Script (After Launch)----------------
targets -set -nocase -filter {name =~ "ARM*#0" && jtag_cable_name =~ "Digilent Zybo Z7 210351A77B4FA"} -index 0
con
----------------End of Script----------------

13:13:34 INFO  : Disconnected from the channel tcfchan#11.
13:14:58 INFO  : 'targets -set -filter {jtag_cable_name =~ "Digilent Zybo Z7 210351A77B4FA" && level==0} -index 1' command is executed.
13:14:58 INFO  : 'fpga -state' command is executed.
13:15:32 INFO  : Connected to target on host '127.0.0.1' and port '3121'.
13:15:32 INFO  : Jtag cable 'Digilent Zybo Z7 210351A77B4FA' is selected.
13:15:32 INFO  : 'jtag frequency' command is executed.
13:15:32 INFO  : Sourcing of 'D:/github/Floaty-wiggle-board/Floaty-wiggle-board/Floaty-wiggle-board.sdk/Floaty_board_design_wrapper_hw_platform_0/ps7_init.tcl' is done.
13:15:32 INFO  : Context for 'APU' is selected.
13:15:32 INFO  : Hardware design information is loaded from 'D:/github/Floaty-wiggle-board/Floaty-wiggle-board/Floaty-wiggle-board.sdk/Floaty_board_design_wrapper_hw_platform_0/system.hdf'.
13:15:32 INFO  : 'configparams force-mem-access 1' command is executed.
13:15:32 INFO  : Context for 'APU' is selected.
13:15:32 INFO  : 'stop' command is executed.
13:15:32 INFO  : 'ps7_init' command is executed.
13:15:32 INFO  : 'ps7_post_config' command is executed.
13:15:32 INFO  : Context for processor 'ps7_cortexa9_0' is selected.
13:15:32 INFO  : Processor reset is completed for 'ps7_cortexa9_0'.
13:15:32 INFO  : Context for processor 'ps7_cortexa9_0' is selected.
13:15:33 INFO  : The application 'D:/github/Floaty-wiggle-board/Floaty-wiggle-board/Floaty-wiggle-board.sdk/FWB_software/Debug/FWB_software.elf' is downloaded to processor 'ps7_cortexa9_0'.
13:15:33 INFO  : 'configparams force-mem-access 0' command is executed.
13:15:33 INFO  : ----------------XSDB Script----------------
connect -url tcp:127.0.0.1:3121
source D:/github/Floaty-wiggle-board/Floaty-wiggle-board/Floaty-wiggle-board.sdk/Floaty_board_design_wrapper_hw_platform_0/ps7_init.tcl
targets -set -nocase -filter {name =~"APU*" && jtag_cable_name =~ "Digilent Zybo Z7 210351A77B4FA"} -index 0
loadhw -hw D:/github/Floaty-wiggle-board/Floaty-wiggle-board/Floaty-wiggle-board.sdk/Floaty_board_design_wrapper_hw_platform_0/system.hdf -mem-ranges [list {0x40000000 0xbfffffff}]
configparams force-mem-access 1
targets -set -nocase -filter {name =~"APU*" && jtag_cable_name =~ "Digilent Zybo Z7 210351A77B4FA"} -index 0
stop
ps7_init
ps7_post_config
targets -set -nocase -filter {name =~ "ARM*#0" && jtag_cable_name =~ "Digilent Zybo Z7 210351A77B4FA"} -index 0
rst -processor
targets -set -nocase -filter {name =~ "ARM*#0" && jtag_cable_name =~ "Digilent Zybo Z7 210351A77B4FA"} -index 0
dow D:/github/Floaty-wiggle-board/Floaty-wiggle-board/Floaty-wiggle-board.sdk/FWB_software/Debug/FWB_software.elf
configparams force-mem-access 0
----------------End of Script----------------

13:15:33 INFO  : Context for processor 'ps7_cortexa9_0' is selected.
13:15:33 INFO  : 'con' command is executed.
13:15:33 INFO  : ----------------XSDB Script (After Launch)----------------
targets -set -nocase -filter {name =~ "ARM*#0" && jtag_cable_name =~ "Digilent Zybo Z7 210351A77B4FA"} -index 0
con
----------------End of Script----------------

13:15:33 INFO  : Disconnected from the channel tcfchan#12.
14:48:12 INFO  : 'targets -set -filter {jtag_cable_name =~ "Digilent Zybo Z7 210351A77B4FA" && level==0} -index 1' command is executed.
14:48:12 INFO  : 'fpga -state' command is executed.
14:48:16 INFO  : Connected to target on host '127.0.0.1' and port '3121'.
14:48:16 INFO  : Jtag cable 'Digilent Zybo Z7 210351A77B4FA' is selected.
14:48:16 INFO  : 'jtag frequency' command is executed.
14:48:16 INFO  : Sourcing of 'D:/github/Floaty-wiggle-board/Floaty-wiggle-board/Floaty-wiggle-board.sdk/Floaty_board_design_wrapper_hw_platform_0/ps7_init.tcl' is done.
14:48:17 INFO  : Context for 'APU' is selected.
14:48:17 INFO  : Hardware design information is loaded from 'D:/github/Floaty-wiggle-board/Floaty-wiggle-board/Floaty-wiggle-board.sdk/Floaty_board_design_wrapper_hw_platform_0/system.hdf'.
14:48:17 INFO  : 'configparams force-mem-access 1' command is executed.
14:48:17 INFO  : Context for 'APU' is selected.
14:48:17 INFO  : 'stop' command is executed.
14:48:18 INFO  : 'ps7_init' command is executed.
14:48:18 INFO  : 'ps7_post_config' command is executed.
14:48:18 INFO  : Context for processor 'ps7_cortexa9_0' is selected.
14:48:18 INFO  : Processor reset is completed for 'ps7_cortexa9_0'.
14:48:18 INFO  : Context for processor 'ps7_cortexa9_0' is selected.
14:48:19 INFO  : The application 'D:/github/Floaty-wiggle-board/Floaty-wiggle-board/Floaty-wiggle-board.sdk/FWB_software/Debug/FWB_software.elf' is downloaded to processor 'ps7_cortexa9_0'.
14:48:19 INFO  : 'configparams force-mem-access 0' command is executed.
14:48:19 INFO  : ----------------XSDB Script----------------
connect -url tcp:127.0.0.1:3121
source D:/github/Floaty-wiggle-board/Floaty-wiggle-board/Floaty-wiggle-board.sdk/Floaty_board_design_wrapper_hw_platform_0/ps7_init.tcl
targets -set -nocase -filter {name =~"APU*" && jtag_cable_name =~ "Digilent Zybo Z7 210351A77B4FA"} -index 0
loadhw -hw D:/github/Floaty-wiggle-board/Floaty-wiggle-board/Floaty-wiggle-board.sdk/Floaty_board_design_wrapper_hw_platform_0/system.hdf -mem-ranges [list {0x40000000 0xbfffffff}]
configparams force-mem-access 1
targets -set -nocase -filter {name =~"APU*" && jtag_cable_name =~ "Digilent Zybo Z7 210351A77B4FA"} -index 0
stop
ps7_init
ps7_post_config
targets -set -nocase -filter {name =~ "ARM*#0" && jtag_cable_name =~ "Digilent Zybo Z7 210351A77B4FA"} -index 0
rst -processor
targets -set -nocase -filter {name =~ "ARM*#0" && jtag_cable_name =~ "Digilent Zybo Z7 210351A77B4FA"} -index 0
dow D:/github/Floaty-wiggle-board/Floaty-wiggle-board/Floaty-wiggle-board.sdk/FWB_software/Debug/FWB_software.elf
configparams force-mem-access 0
----------------End of Script----------------

14:48:19 INFO  : Context for processor 'ps7_cortexa9_0' is selected.
14:48:19 INFO  : 'con' command is executed.
14:48:19 INFO  : ----------------XSDB Script (After Launch)----------------
targets -set -nocase -filter {name =~ "ARM*#0" && jtag_cable_name =~ "Digilent Zybo Z7 210351A77B4FA"} -index 0
con
----------------End of Script----------------

14:48:19 INFO  : Disconnected from the channel tcfchan#13.
