12:21:01 **** Incremental Build of configuration Debug for project odometry_v2 ****
make pre-build main-build 
a9-linaro-pre-build-step
' '
make: Nothing to be done for `main-build'.
12:21:07 **** Incremental Build of configuration Debug for project odometry_v2 ****
make pre-build main-build 
a9-linaro-pre-build-step
' '
make: Nothing to be done for `main-build'.
13:26:41 **** Auto Build of configuration Debug for project odometry_v2 ****
make pre-build main-build 
a9-linaro-pre-build-step
' '
'Building file: ../src/main.c'
'Invoking: ARM v7 gcc compiler'
arm-none-eabi-gcc -Wall -O0 -g3 -c -fmessage-length=0 -MT"src/main.o" -mcpu=cortex-a9 -mfpu=vfpv3 -mfloat-abi=hard -I../../odometry_v2_bsp/ps7_cortexa9_0/include -MMD -MP -MF"src/main.d" -MT"src/main.o" -o "src/main.o" "../src/main.c"
'Finished building: ../src/main.c'
' '
'Building target: odometry_v2.elf'
'Invoking: ARM v7 gcc linker'
arm-none-eabi-gcc -mcpu=cortex-a9 -mfpu=vfpv3 -mfloat-abi=hard -Wl,-build-id=none -specs=Xilinx.spec -Wl,-T -Wl,../src/lscript.ld -L../../odometry_v2_bsp/ps7_cortexa9_0/lib -o "odometry_v2.elf"  ./src/i2c.o ./src/main.o   -lm -Wl,--start-group,-lxil,-lgcc,-lc,--end-group
'Finished building target: odometry_v2.elf'
' '
'Invoking: ARM v7 Print Size'
arm-none-eabi-size odometry_v2.elf  |tee "odometry_v2.elf.size"
   text	   data	    bss	    dec	    hex	filename
  40104	   1144	  22568	  63816	   f948	odometry_v2.elf
'Finished building: odometry_v2.elf.size'
' '
13:31:44 **** Incremental Build of configuration Debug for project odometry_v2 ****
make pre-build main-build 
a9-linaro-pre-build-step
' '
make: Nothing to be done for `main-build'.
14:07:00 **** Incremental Build of configuration Debug for project odometry_v2 ****
make pre-build main-build 
a9-linaro-pre-build-step
' '
make: Nothing to be done for `main-build'.
15:13:01 **** Auto Build of configuration Debug for project odometry_v2 ****
make pre-build main-build 
a9-linaro-pre-build-step
' '
'Building file: ../src/main.c'
'Invoking: ARM v7 gcc compiler'
arm-none-eabi-gcc -Wall -O0 -g3 -c -fmessage-length=0 -MT"src/main.o" -mcpu=cortex-a9 -mfpu=vfpv3 -mfloat-abi=hard -I../../odometry_v2_bsp/ps7_cortexa9_0/include -MMD -MP -MF"src/main.d" -MT"src/main.o" -o "src/main.o" "../src/main.c"
'Finished building: ../src/main.c'
' '
'Building target: odometry_v2.elf'
'Invoking: ARM v7 gcc linker'
arm-none-eabi-gcc -mcpu=cortex-a9 -mfpu=vfpv3 -mfloat-abi=hard -Wl,-build-id=none -specs=Xilinx.spec -Wl,-T -Wl,../src/lscript.ld -L../../odometry_v2_bsp/ps7_cortexa9_0/lib -o "odometry_v2.elf"  ./src/i2c.o ./src/main.o   -lm -Wl,--start-group,-lxil,-lgcc,-lc,--end-group
'Finished building target: odometry_v2.elf'
' '
'Invoking: ARM v7 Print Size'
arm-none-eabi-size odometry_v2.elf  |tee "odometry_v2.elf.size"
   text	   data	    bss	    dec	    hex	filename
  40192	   1144	  22568	  63904	   f9a0	odometry_v2.elf
'Finished building: odometry_v2.elf.size'
' '
15:13:26 **** Auto Build of configuration Debug for project odometry_v2 ****
make pre-build main-build 
a9-linaro-pre-build-step
' '
'Building file: ../src/main.c'
'Invoking: ARM v7 gcc compiler'
arm-none-eabi-gcc -Wall -O0 -g3 -c -fmessage-length=0 -MT"src/main.o" -mcpu=cortex-a9 -mfpu=vfpv3 -mfloat-abi=hard -I../../odometry_v2_bsp/ps7_cortexa9_0/include -MMD -MP -MF"src/main.d" -MT"src/main.o" -o "src/main.o" "../src/main.c"
'Finished building: ../src/main.c'
' '
'Building target: odometry_v2.elf'
'Invoking: ARM v7 gcc linker'
arm-none-eabi-gcc -mcpu=cortex-a9 -mfpu=vfpv3 -mfloat-abi=hard -Wl,-build-id=none -specs=Xilinx.spec -Wl,-T -Wl,../src/lscript.ld -L../../odometry_v2_bsp/ps7_cortexa9_0/lib -o "odometry_v2.elf"  ./src/i2c.o ./src/main.o   -lm -Wl,--start-group,-lxil,-lgcc,-lc,--end-group
'Finished building target: odometry_v2.elf'
' '
'Invoking: ARM v7 Print Size'
arm-none-eabi-size odometry_v2.elf  |tee "odometry_v2.elf.size"
   text	   data	    bss	    dec	    hex	filename
  38560	   1144	  22568	  62272	   f340	odometry_v2.elf
'Finished building: odometry_v2.elf.size'
' '
11:54:49 **** Incremental Build of configuration Debug for project odometry_v2 ****
make pre-build main-build 
a9-linaro-pre-build-step
' '
make: Nothing to be done for `main-build'.
12:17:21 **** Auto Build of configuration Debug for project odometry_v2 ****
make pre-build main-build 
a9-linaro-pre-build-step
' '
'Building file: ../src/main.c'
'Invoking: ARM v7 gcc compiler'
arm-none-eabi-gcc -Wall -O0 -g3 -c -fmessage-length=0 -MT"src/main.o" -mcpu=cortex-a9 -mfpu=vfpv3 -mfloat-abi=hard -I../../odometry_v2_bsp/ps7_cortexa9_0/include -MMD -MP -MF"src/main.d" -MT"src/main.o" -o "src/main.o" "../src/main.c"
'Finished building: ../src/main.c'
' '
'Building target: odometry_v2.elf'
'Invoking: ARM v7 gcc linker'
arm-none-eabi-gcc -mcpu=cortex-a9 -mfpu=vfpv3 -mfloat-abi=hard -Wl,-build-id=none -specs=Xilinx.spec -Wl,-T -Wl,../src/lscript.ld -L../../odometry_v2_bsp/ps7_cortexa9_0/lib -o "odometry_v2.elf"  ./src/i2c.o ./src/main.o   -lm -Wl,--start-group,-lxil,-lgcc,-lc,--end-group
'Finished building target: odometry_v2.elf'
' '
'Invoking: ARM v7 Print Size'
arm-none-eabi-size odometry_v2.elf  |tee "odometry_v2.elf.size"
   text	   data	    bss	    dec	    hex	filename
  38560	   1144	  22568	  62272	   f340	odometry_v2.elf
'Finished building: odometry_v2.elf.size'
' '
12:17:25 **** Incremental Build of configuration Debug for project odometry_v2 ****
make pre-build main-build 
a9-linaro-pre-build-step
' '
make: Nothing to be done for `main-build'.
12:19:39 **** Incremental Build of configuration Debug for project odometry_v2 ****
make pre-build main-build 
a9-linaro-pre-build-step
' '
make: Nothing to be done for `main-build'.
12:24:49 **** Incremental Build of configuration Debug for project odometry_v2 ****
make pre-build main-build 
a9-linaro-pre-build-step
' '
'Building file: ../src/main.c'
'Invoking: ARM v7 gcc compiler'
arm-none-eabi-gcc -Wall -O0 -g3 -c -fmessage-length=0 -MT"src/main.o" -mcpu=cortex-a9 -mfpu=vfpv3 -mfloat-abi=hard -I../../odometry_v2_bsp/ps7_cortexa9_0/include -MMD -MP -MF"src/main.d" -MT"src/main.o" -o "src/main.o" "../src/main.c"
'Finished building: ../src/main.c'
' '
'Building target: odometry_v2.elf'
'Invoking: ARM v7 gcc linker'
arm-none-eabi-gcc -mcpu=cortex-a9 -mfpu=vfpv3 -mfloat-abi=hard -Wl,-build-id=none -specs=Xilinx.spec -Wl,-T -Wl,../src/lscript.ld -L../../odometry_v2_bsp/ps7_cortexa9_0/lib -o "odometry_v2.elf"  ./src/i2c.o ./src/main.o   -lm -Wl,--start-group,-lxil,-lgcc,-lc,--end-group
'Finished building target: odometry_v2.elf'
' '
'Invoking: ARM v7 Print Size'
arm-none-eabi-size odometry_v2.elf  |tee "odometry_v2.elf.size"
   text	   data	    bss	    dec	    hex	filename
  38560	   1144	  22568	  62272	   f340	odometry_v2.elf
'Finished building: odometry_v2.elf.size'
' '
12:46:47 **** Auto Build of configuration Debug for project odometry_v2 ****
make pre-build main-build 
a9-linaro-pre-build-step
' '
'Building file: ../src/main.c'
'Invoking: ARM v7 gcc compiler'
arm-none-eabi-gcc -Wall -O0 -g3 -c -fmessage-length=0 -MT"src/main.o" -mcpu=cortex-a9 -mfpu=vfpv3 -mfloat-abi=hard -I../../odometry_v2_bsp/ps7_cortexa9_0/include -MMD -MP -MF"src/main.d" -MT"src/main.o" -o "src/main.o" "../src/main.c"
'Finished building: ../src/main.c'
' '
'Building target: odometry_v2.elf'
'Invoking: ARM v7 gcc linker'
arm-none-eabi-gcc -mcpu=cortex-a9 -mfpu=vfpv3 -mfloat-abi=hard -Wl,-build-id=none -specs=Xilinx.spec -Wl,-T -Wl,../src/lscript.ld -L../../odometry_v2_bsp/ps7_cortexa9_0/lib -o "odometry_v2.elf"  ./src/i2c.o ./src/main.o   -lm -Wl,--start-group,-lxil,-lgcc,-lc,--end-group
'Finished building target: odometry_v2.elf'
' '
'Invoking: ARM v7 Print Size'
arm-none-eabi-size odometry_v2.elf  |tee "odometry_v2.elf.size"
   text	   data	    bss	    dec	    hex	filename
  38624	   1144	  22568	  62336	   f380	odometry_v2.elf
'Finished building: odometry_v2.elf.size'
' '
12:47:00 **** Auto Build of configuration Debug for project odometry_v2 ****
make pre-build main-build 
a9-linaro-pre-build-step
' '
'Building file: ../src/main.c'
'Invoking: ARM v7 gcc compiler'
arm-none-eabi-gcc -Wall -O0 -g3 -c -fmessage-length=0 -MT"src/main.o" -mcpu=cortex-a9 -mfpu=vfpv3 -mfloat-abi=hard -I../../odometry_v2_bsp/ps7_cortexa9_0/include -MMD -MP -MF"src/main.d" -MT"src/main.o" -o "src/main.o" "../src/main.c"
'Finished building: ../src/main.c'
' '
'Building target: odometry_v2.elf'
'Invoking: ARM v7 gcc linker'
arm-none-eabi-gcc -mcpu=cortex-a9 -mfpu=vfpv3 -mfloat-abi=hard -Wl,-build-id=none -specs=Xilinx.spec -Wl,-T -Wl,../src/lscript.ld -L../../odometry_v2_bsp/ps7_cortexa9_0/lib -o "odometry_v2.elf"  ./src/i2c.o ./src/main.o   -lm -Wl,--start-group,-lxil,-lgcc,-lc,--end-group
'Finished building target: odometry_v2.elf'
' '
'Invoking: ARM v7 Print Size'
arm-none-eabi-size odometry_v2.elf  |tee "odometry_v2.elf.size"
   text	   data	    bss	    dec	    hex	filename
  38624	   1144	  22568	  62336	   f380	odometry_v2.elf
'Finished building: odometry_v2.elf.size'
' '
12:56:50 **** Auto Build of configuration Debug for project odometry_v2 ****
make pre-build main-build 
a9-linaro-pre-build-step
' '
'Building file: ../src/main.c'
'Invoking: ARM v7 gcc compiler'
arm-none-eabi-gcc -Wall -O0 -g3 -c -fmessage-length=0 -MT"src/main.o" -mcpu=cortex-a9 -mfpu=vfpv3 -mfloat-abi=hard -I../../odometry_v2_bsp/ps7_cortexa9_0/include -MMD -MP -MF"src/main.d" -MT"src/main.o" -o "src/main.o" "../src/main.c"
../src/main.c: In function 'printfloat1':
../src/main.c:299:21: error: 'data1' undeclared (first use in this function); did you mean 'data'?
  int int_part= (int)data1;
                     ^~~~~
                     data
../src/main.c:299:21: note: each undeclared identifier is reported only once for each function it appears in
../src/main.c:300:33: error: expected ')' before ']' token
  int dec_part = (data - int_part]) * DIGITS;
                                 ^
../src/main.c:300:33: error: expected ',' or ';' before ']' token
../src/main.c:300:6: warning: unused variable 'dec_part' [-Wunused-variable]
  int dec_part = (data - int_part]) * DIGITS;
      ^~~~~~~~
make: *** [src/main.o] Error 1
12:56:56 **** Auto Build of configuration Debug for project odometry_v2 ****
make pre-build main-build 
a9-linaro-pre-build-step
' '
'Building file: ../src/main.c'
'Invoking: ARM v7 gcc compiler'
arm-none-eabi-gcc -Wall -O0 -g3 -c -fmessage-length=0 -MT"src/main.o" -mcpu=cortex-a9 -mfpu=vfpv3 -mfloat-abi=hard -I../../odometry_v2_bsp/ps7_cortexa9_0/include -MMD -MP -MF"src/main.d" -MT"src/main.o" -o "src/main.o" "../src/main.c"
../src/main.c: In function 'printfloat1':
../src/main.c:299:21: error: 'data1' undeclared (first use in this function); did you mean 'data'?
  int int_part= (int)data1;
                     ^~~~~
                     data
../src/main.c:299:21: note: each undeclared identifier is reported only once for each function it appears in
../src/main.c:300:6: warning: unused variable 'dec_part' [-Wunused-variable]
  int dec_part = (data - int_part) * DIGITS;
      ^~~~~~~~
make: *** [src/main.o] Error 1
12:57:01 **** Auto Build of configuration Debug for project odometry_v2 ****
make pre-build main-build 
a9-linaro-pre-build-step
' '
'Building file: ../src/main.c'
'Invoking: ARM v7 gcc compiler'
arm-none-eabi-gcc -Wall -O0 -g3 -c -fmessage-length=0 -MT"src/main.o" -mcpu=cortex-a9 -mfpu=vfpv3 -mfloat-abi=hard -I../../odometry_v2_bsp/ps7_cortexa9_0/include -MMD -MP -MF"src/main.d" -MT"src/main.o" -o "src/main.o" "../src/main.c"
../src/main.c: In function 'printfloat1':
../src/main.c:300:6: warning: unused variable 'dec_part' [-Wunused-variable]
  int dec_part = (data - int_part) * DIGITS;
      ^~~~~~~~
'Finished building: ../src/main.c'
' '
'Building target: odometry_v2.elf'
'Invoking: ARM v7 gcc linker'
arm-none-eabi-gcc -mcpu=cortex-a9 -mfpu=vfpv3 -mfloat-abi=hard -Wl,-build-id=none -specs=Xilinx.spec -Wl,-T -Wl,../src/lscript.ld -L../../odometry_v2_bsp/ps7_cortexa9_0/lib -o "odometry_v2.elf"  ./src/i2c.o ./src/main.o   -lm -Wl,--start-group,-lxil,-lgcc,-lc,--end-group
'Finished building target: odometry_v2.elf'
' '
'Invoking: ARM v7 Print Size'
arm-none-eabi-size odometry_v2.elf  |tee "odometry_v2.elf.size"
   text	   data	    bss	    dec	    hex	filename
  38752	   1144	  22568	  62464	   f400	odometry_v2.elf
'Finished building: odometry_v2.elf.size'
' '
12:59:53 **** Auto Build of configuration Debug for project odometry_v2 ****
make pre-build main-build 
a9-linaro-pre-build-step
' '
'Building file: ../src/main.c'
'Invoking: ARM v7 gcc compiler'
arm-none-eabi-gcc -Wall -O0 -g3 -c -fmessage-length=0 -MT"src/main.o" -mcpu=cortex-a9 -mfpu=vfpv3 -mfloat-abi=hard -I../../odometry_v2_bsp/ps7_cortexa9_0/include -MMD -MP -MF"src/main.d" -MT"src/main.o" -o "src/main.o" "../src/main.c"
'Finished building: ../src/main.c'
' '
'Building target: odometry_v2.elf'
'Invoking: ARM v7 gcc linker'
arm-none-eabi-gcc -mcpu=cortex-a9 -mfpu=vfpv3 -mfloat-abi=hard -Wl,-build-id=none -specs=Xilinx.spec -Wl,-T -Wl,../src/lscript.ld -L../../odometry_v2_bsp/ps7_cortexa9_0/lib -o "odometry_v2.elf"  ./src/i2c.o ./src/main.o   -lm -Wl,--start-group,-lxil,-lgcc,-lc,--end-group
'Finished building target: odometry_v2.elf'
' '
'Invoking: ARM v7 Print Size'
arm-none-eabi-size odometry_v2.elf  |tee "odometry_v2.elf.size"
   text	   data	    bss	    dec	    hex	filename
  38832	   1144	  22568	  62544	   f450	odometry_v2.elf
'Finished building: odometry_v2.elf.size'
' '
13:02:44 **** Auto Build of configuration Debug for project odometry_v2 ****
make pre-build main-build 
a9-linaro-pre-build-step
' '
'Building file: ../src/main.c'
'Invoking: ARM v7 gcc compiler'
arm-none-eabi-gcc -Wall -O0 -g3 -c -fmessage-length=0 -MT"src/main.o" -mcpu=cortex-a9 -mfpu=vfpv3 -mfloat-abi=hard -I../../odometry_v2_bsp/ps7_cortexa9_0/include -MMD -MP -MF"src/main.d" -MT"src/main.o" -o "src/main.o" "../src/main.c"
'Finished building: ../src/main.c'
' '
'Building target: odometry_v2.elf'
'Invoking: ARM v7 gcc linker'
arm-none-eabi-gcc -mcpu=cortex-a9 -mfpu=vfpv3 -mfloat-abi=hard -Wl,-build-id=none -specs=Xilinx.spec -Wl,-T -Wl,../src/lscript.ld -L../../odometry_v2_bsp/ps7_cortexa9_0/lib -o "odometry_v2.elf"  ./src/i2c.o ./src/main.o   -lm -Wl,--start-group,-lxil,-lgcc,-lc,--end-group
'Finished building target: odometry_v2.elf'
' '
'Invoking: ARM v7 Print Size'
arm-none-eabi-size odometry_v2.elf  |tee "odometry_v2.elf.size"
   text	   data	    bss	    dec	    hex	filename
  38544	   1144	  22568	  62256	   f330	odometry_v2.elf
'Finished building: odometry_v2.elf.size'
' '
13:12:55 **** Incremental Build of configuration Debug for project odometry_v2 ****
make pre-build main-build 
a9-linaro-pre-build-step
' '
make: Nothing to be done for `main-build'.
13:15:46 **** Auto Build of configuration Debug for project odometry_v2 ****
make pre-build main-build 
a9-linaro-pre-build-step
' '
'Building file: ../src/main.c'
'Invoking: ARM v7 gcc compiler'
arm-none-eabi-gcc -Wall -O0 -g3 -c -fmessage-length=0 -MT"src/main.o" -mcpu=cortex-a9 -mfpu=vfpv3 -mfloat-abi=hard -I../../odometry_v2_bsp/ps7_cortexa9_0/include -MMD -MP -MF"src/main.d" -MT"src/main.o" -o "src/main.o" "../src/main.c"
'Finished building: ../src/main.c'
' '
'Building target: odometry_v2.elf'
'Invoking: ARM v7 gcc linker'
arm-none-eabi-gcc -mcpu=cortex-a9 -mfpu=vfpv3 -mfloat-abi=hard -Wl,-build-id=none -specs=Xilinx.spec -Wl,-T -Wl,../src/lscript.ld -L../../odometry_v2_bsp/ps7_cortexa9_0/lib -o "odometry_v2.elf"  ./src/i2c.o ./src/main.o   -lm -Wl,--start-group,-lxil,-lgcc,-lc,--end-group
'Finished building target: odometry_v2.elf'
' '
'Invoking: ARM v7 Print Size'
arm-none-eabi-size odometry_v2.elf  |tee "odometry_v2.elf.size"
   text	   data	    bss	    dec	    hex	filename
  38552	   1144	  22568	  62264	   f338	odometry_v2.elf
'Finished building: odometry_v2.elf.size'
' '
13:16:05 **** Incremental Build of configuration Debug for project odometry_v2 ****
make pre-build main-build 
a9-linaro-pre-build-step
' '
make: Nothing to be done for `main-build'.
13:16:30 **** Incremental Build of configuration Debug for project odometry_v2 ****
make pre-build main-build 
a9-linaro-pre-build-step
' '
make: Nothing to be done for `main-build'.
13:17:25 **** Incremental Build of configuration Debug for project odometry_v2 ****
make pre-build main-build 
a9-linaro-pre-build-step
' '
make: Nothing to be done for `main-build'.
13:18:29 **** Auto Build of configuration Debug for project odometry_v2 ****
make pre-build main-build 
a9-linaro-pre-build-step
' '
'Building file: ../src/main.c'
'Invoking: ARM v7 gcc compiler'
arm-none-eabi-gcc -Wall -O0 -g3 -c -fmessage-length=0 -MT"src/main.o" -mcpu=cortex-a9 -mfpu=vfpv3 -mfloat-abi=hard -I../../odometry_v2_bsp/ps7_cortexa9_0/include -MMD -MP -MF"src/main.d" -MT"src/main.o" -o "src/main.o" "../src/main.c"
'Finished building: ../src/main.c'
' '
'Building target: odometry_v2.elf'
'Invoking: ARM v7 gcc linker'
arm-none-eabi-gcc -mcpu=cortex-a9 -mfpu=vfpv3 -mfloat-abi=hard -Wl,-build-id=none -specs=Xilinx.spec -Wl,-T -Wl,../src/lscript.ld -L../../odometry_v2_bsp/ps7_cortexa9_0/lib -o "odometry_v2.elf"  ./src/i2c.o ./src/main.o   -lm -Wl,--start-group,-lxil,-lgcc,-lc,--end-group
'Finished building target: odometry_v2.elf'
' '
'Invoking: ARM v7 Print Size'
arm-none-eabi-size odometry_v2.elf  |tee "odometry_v2.elf.size"
   text	   data	    bss	    dec	    hex	filename
  38560	   1144	  22568	  62272	   f340	odometry_v2.elf
'Finished building: odometry_v2.elf.size'
' '
13:18:41 **** Auto Build of configuration Debug for project odometry_v2 ****
make pre-build main-build 
a9-linaro-pre-build-step
' '
'Building file: ../src/main.c'
'Invoking: ARM v7 gcc compiler'
arm-none-eabi-gcc -Wall -O0 -g3 -c -fmessage-length=0 -MT"src/main.o" -mcpu=cortex-a9 -mfpu=vfpv3 -mfloat-abi=hard -I../../odometry_v2_bsp/ps7_cortexa9_0/include -MMD -MP -MF"src/main.d" -MT"src/main.o" -o "src/main.o" "../src/main.c"
'Finished building: ../src/main.c'
' '
'Building target: odometry_v2.elf'
'Invoking: ARM v7 gcc linker'
arm-none-eabi-gcc -mcpu=cortex-a9 -mfpu=vfpv3 -mfloat-abi=hard -Wl,-build-id=none -specs=Xilinx.spec -Wl,-T -Wl,../src/lscript.ld -L../../odometry_v2_bsp/ps7_cortexa9_0/lib -o "odometry_v2.elf"  ./src/i2c.o ./src/main.o   -lm -Wl,--start-group,-lxil,-lgcc,-lc,--end-group
'Finished building target: odometry_v2.elf'
' '
'Invoking: ARM v7 Print Size'
arm-none-eabi-size odometry_v2.elf  |tee "odometry_v2.elf.size"
   text	   data	    bss	    dec	    hex	filename
  38560	   1144	  22568	  62272	   f340	odometry_v2.elf
'Finished building: odometry_v2.elf.size'
' '
13:18:44 **** Incremental Build of configuration Debug for project odometry_v2 ****
make pre-build main-build 
a9-linaro-pre-build-step
' '
make: Nothing to be done for `main-build'.
13:18:49 **** Incremental Build of configuration Debug for project odometry_v2 ****
make pre-build main-build 
a9-linaro-pre-build-step
' '
make: Nothing to be done for `main-build'.
13:19:50 **** Incremental Build of configuration Debug for project odometry_v2 ****
make pre-build main-build 
a9-linaro-pre-build-step
' '
make: Nothing to be done for `main-build'.
13:19:59 **** Incremental Build of configuration Debug for project odometry_v2 ****
make pre-build main-build 
a9-linaro-pre-build-step
' '
make: Nothing to be done for `main-build'.
13:21:44 **** Incremental Build of configuration Debug for project odometry_v2 ****
make pre-build main-build 
a9-linaro-pre-build-step
' '
make: Nothing to be done for `main-build'.
13:22:15 **** Incremental Build of configuration Debug for project odometry_v2 ****
make pre-build main-build 
a9-linaro-pre-build-step
' '
make: Nothing to be done for `main-build'.
13:32:09 **** Incremental Build of configuration Debug for project odometry_v2 ****
make pre-build main-build 
a9-linaro-pre-build-step
' '
'Building file: ../src/main.c'
'Invoking: ARM v7 gcc compiler'
arm-none-eabi-gcc -Wall -O0 -g3 -c -fmessage-length=0 -MT"src/main.o" -mcpu=cortex-a9 -mfpu=vfpv3 -mfloat-abi=hard -I../../odometry_v2_bsp/ps7_cortexa9_0/include -MMD -MP -MF"src/main.d" -MT"src/main.o" -o "src/main.o" "../src/main.c"
'Finished building: ../src/main.c'
' '
'Building target: odometry_v2.elf'
'Invoking: ARM v7 gcc linker'
arm-none-eabi-gcc -mcpu=cortex-a9 -mfpu=vfpv3 -mfloat-abi=hard -Wl,-build-id=none -specs=Xilinx.spec -Wl,-T -Wl,../src/lscript.ld -L../../odometry_v2_bsp/ps7_cortexa9_0/lib -o "odometry_v2.elf"  ./src/i2c.o ./src/main.o   -lm -Wl,--start-group,-lxil,-lgcc,-lc,--end-group
'Finished building target: odometry_v2.elf'
' '
'Invoking: ARM v7 Print Size'
arm-none-eabi-size odometry_v2.elf  |tee "odometry_v2.elf.size"
   text	   data	    bss	    dec	    hex	filename
  38664	   1144	  22568	  62376	   f3a8	odometry_v2.elf
'Finished building: odometry_v2.elf.size'
' '
13:34:51 **** Incremental Build of configuration Debug for project odometry_v2 ****
make pre-build main-build 
a9-linaro-pre-build-step
' '
'Building file: ../src/main.c'
'Invoking: ARM v7 gcc compiler'
arm-none-eabi-gcc -Wall -O0 -g3 -c -fmessage-length=0 -MT"src/main.o" -mcpu=cortex-a9 -mfpu=vfpv3 -mfloat-abi=hard -I../../odometry_v2_bsp/ps7_cortexa9_0/include -MMD -MP -MF"src/main.d" -MT"src/main.o" -o "src/main.o" "../src/main.c"
'Finished building: ../src/main.c'
' '
'Building target: odometry_v2.elf'
'Invoking: ARM v7 gcc linker'
arm-none-eabi-gcc -mcpu=cortex-a9 -mfpu=vfpv3 -mfloat-abi=hard -Wl,-build-id=none -specs=Xilinx.spec -Wl,-T -Wl,../src/lscript.ld -L../../odometry_v2_bsp/ps7_cortexa9_0/lib -o "odometry_v2.elf"  ./src/i2c.o ./src/main.o   -lm -Wl,--start-group,-lxil,-lgcc,-lc,--end-group
'Finished building target: odometry_v2.elf'
' '
'Invoking: ARM v7 Print Size'
arm-none-eabi-size odometry_v2.elf  |tee "odometry_v2.elf.size"
   text	   data	    bss	    dec	    hex	filename
  38696	   1144	  22568	  62408	   f3c8	odometry_v2.elf
'Finished building: odometry_v2.elf.size'
' '
13:35:16 **** Incremental Build of configuration Debug for project odometry_v2 ****
make pre-build main-build 
a9-linaro-pre-build-step
' '
make: Nothing to be done for `main-build'.
13:39:05 **** Auto Build of configuration Debug for project odometry_v2 ****
make pre-build main-build 
a9-linaro-pre-build-step
' '
'Building file: ../src/main.c'
'Invoking: ARM v7 gcc compiler'
arm-none-eabi-gcc -Wall -O0 -g3 -c -fmessage-length=0 -MT"src/main.o" -mcpu=cortex-a9 -mfpu=vfpv3 -mfloat-abi=hard -I../../odometry_v2_bsp/ps7_cortexa9_0/include -MMD -MP -MF"src/main.d" -MT"src/main.o" -o "src/main.o" "../src/main.c"
../src/main.c: In function 'printfloat1':
../src/main.c:323:39: error: expected expression before ')' token
  xil_printf("%d   %d \r\n", int_part, );
                                       ^
make: *** [src/main.o] Error 1
13:39:13 **** Auto Build of configuration Debug for project odometry_v2 ****
make pre-build main-build 
a9-linaro-pre-build-step
' '
'Building file: ../src/main.c'
'Invoking: ARM v7 gcc compiler'
arm-none-eabi-gcc -Wall -O0 -g3 -c -fmessage-length=0 -MT"src/main.o" -mcpu=cortex-a9 -mfpu=vfpv3 -mfloat-abi=hard -I../../odometry_v2_bsp/ps7_cortexa9_0/include -MMD -MP -MF"src/main.d" -MT"src/main.o" -o "src/main.o" "../src/main.c"
'Finished building: ../src/main.c'
' '
'Building target: odometry_v2.elf'
'Invoking: ARM v7 gcc linker'
arm-none-eabi-gcc -mcpu=cortex-a9 -mfpu=vfpv3 -mfloat-abi=hard -Wl,-build-id=none -specs=Xilinx.spec -Wl,-T -Wl,../src/lscript.ld -L../../odometry_v2_bsp/ps7_cortexa9_0/lib -o "odometry_v2.elf"  ./src/i2c.o ./src/main.o   -lm -Wl,--start-group,-lxil,-lgcc,-lc,--end-group
'Finished building target: odometry_v2.elf'
' '
'Invoking: ARM v7 Print Size'
arm-none-eabi-size odometry_v2.elf  |tee "odometry_v2.elf.size"
   text	   data	    bss	    dec	    hex	filename
  38704	   1144	  22568	  62416	   f3d0	odometry_v2.elf
'Finished building: odometry_v2.elf.size'
' '
13:39:17 **** Incremental Build of configuration Debug for project odometry_v2 ****
make pre-build main-build 
a9-linaro-pre-build-step
' '
make: Nothing to be done for `main-build'.
13:39:55 **** Incremental Build of configuration Debug for project odometry_v2 ****
make pre-build main-build 
a9-linaro-pre-build-step
' '
make: Nothing to be done for `main-build'.
13:40:19 **** Incremental Build of configuration Debug for project odometry_v2 ****
make pre-build main-build 
a9-linaro-pre-build-step
' '
make: Nothing to be done for `main-build'.
13:41:47 **** Auto Build of configuration Debug for project odometry_v2 ****
make pre-build main-build 
a9-linaro-pre-build-step
' '
'Building file: ../src/main.c'
'Invoking: ARM v7 gcc compiler'
arm-none-eabi-gcc -Wall -O0 -g3 -c -fmessage-length=0 -MT"src/main.o" -mcpu=cortex-a9 -mfpu=vfpv3 -mfloat-abi=hard -I../../odometry_v2_bsp/ps7_cortexa9_0/include -MMD -MP -MF"src/main.d" -MT"src/main.o" -o "src/main.o" "../src/main.c"
'Finished building: ../src/main.c'
' '
'Building target: odometry_v2.elf'
'Invoking: ARM v7 gcc linker'
arm-none-eabi-gcc -mcpu=cortex-a9 -mfpu=vfpv3 -mfloat-abi=hard -Wl,-build-id=none -specs=Xilinx.spec -Wl,-T -Wl,../src/lscript.ld -L../../odometry_v2_bsp/ps7_cortexa9_0/lib -o "odometry_v2.elf"  ./src/i2c.o ./src/main.o   -lm -Wl,--start-group,-lxil,-lgcc,-lc,--end-group
'Finished building target: odometry_v2.elf'
' '
'Invoking: ARM v7 Print Size'
arm-none-eabi-size odometry_v2.elf  |tee "odometry_v2.elf.size"
   text	   data	    bss	    dec	    hex	filename
  38704	   1144	  22568	  62416	   f3d0	odometry_v2.elf
'Finished building: odometry_v2.elf.size'
' '
13:41:57 **** Incremental Build of configuration Debug for project odometry_v2 ****
make pre-build main-build 
a9-linaro-pre-build-step
' '
make: Nothing to be done for `main-build'.
13:42:20 **** Incremental Build of configuration Debug for project odometry_v2 ****
make pre-build main-build 
a9-linaro-pre-build-step
' '
make: Nothing to be done for `main-build'.
13:42:57 **** Incremental Build of configuration Debug for project odometry_v2 ****
make pre-build main-build 
a9-linaro-pre-build-step
' '
make: Nothing to be done for `main-build'.
13:43:37 **** Incremental Build of configuration Debug for project odometry_v2 ****
make pre-build main-build 
a9-linaro-pre-build-step
' '
make: Nothing to be done for `main-build'.
13:45:03 **** Auto Build of configuration Debug for project odometry_v2 ****
make pre-build main-build 
a9-linaro-pre-build-step
' '
'Building file: ../src/main.c'
'Invoking: ARM v7 gcc compiler'
arm-none-eabi-gcc -Wall -O0 -g3 -c -fmessage-length=0 -MT"src/main.o" -mcpu=cortex-a9 -mfpu=vfpv3 -mfloat-abi=hard -I../../odometry_v2_bsp/ps7_cortexa9_0/include -MMD -MP -MF"src/main.d" -MT"src/main.o" -o "src/main.o" "../src/main.c"
'Finished building: ../src/main.c'
' '
'Building target: odometry_v2.elf'
'Invoking: ARM v7 gcc linker'
arm-none-eabi-gcc -mcpu=cortex-a9 -mfpu=vfpv3 -mfloat-abi=hard -Wl,-build-id=none -specs=Xilinx.spec -Wl,-T -Wl,../src/lscript.ld -L../../odometry_v2_bsp/ps7_cortexa9_0/lib -o "odometry_v2.elf"  ./src/i2c.o ./src/main.o   -lm -Wl,--start-group,-lxil,-lgcc,-lc,--end-group
'Finished building target: odometry_v2.elf'
' '
'Invoking: ARM v7 Print Size'
arm-none-eabi-size odometry_v2.elf  |tee "odometry_v2.elf.size"
   text	   data	    bss	    dec	    hex	filename
  38704	   1144	  22568	  62416	   f3d0	odometry_v2.elf
'Finished building: odometry_v2.elf.size'
' '
13:45:06 **** Incremental Build of configuration Debug for project odometry_v2 ****
make pre-build main-build 
a9-linaro-pre-build-step
' '
make: Nothing to be done for `main-build'.
13:45:30 **** Auto Build of configuration Debug for project odometry_v2 ****
make pre-build main-build 
a9-linaro-pre-build-step
' '
'Building file: ../src/main.c'
'Invoking: ARM v7 gcc compiler'
arm-none-eabi-gcc -Wall -O0 -g3 -c -fmessage-length=0 -MT"src/main.o" -mcpu=cortex-a9 -mfpu=vfpv3 -mfloat-abi=hard -I../../odometry_v2_bsp/ps7_cortexa9_0/include -MMD -MP -MF"src/main.d" -MT"src/main.o" -o "src/main.o" "../src/main.c"
'Finished building: ../src/main.c'
' '
'Building target: odometry_v2.elf'
'Invoking: ARM v7 gcc linker'
arm-none-eabi-gcc -mcpu=cortex-a9 -mfpu=vfpv3 -mfloat-abi=hard -Wl,-build-id=none -specs=Xilinx.spec -Wl,-T -Wl,../src/lscript.ld -L../../odometry_v2_bsp/ps7_cortexa9_0/lib -o "odometry_v2.elf"  ./src/i2c.o ./src/main.o   -lm -Wl,--start-group,-lxil,-lgcc,-lc,--end-group
'Finished building target: odometry_v2.elf'
' '
'Invoking: ARM v7 Print Size'
arm-none-eabi-size odometry_v2.elf  |tee "odometry_v2.elf.size"
   text	   data	    bss	    dec	    hex	filename
  38696	   1144	  22568	  62408	   f3c8	odometry_v2.elf
'Finished building: odometry_v2.elf.size'
' '
13:45:34 **** Incremental Build of configuration Debug for project odometry_v2 ****
make pre-build main-build 
a9-linaro-pre-build-step
' '
make: Nothing to be done for `main-build'.
13:46:04 **** Auto Build of configuration Debug for project odometry_v2 ****
make pre-build main-build 
a9-linaro-pre-build-step
' '
'Building file: ../src/main.c'
'Invoking: ARM v7 gcc compiler'
arm-none-eabi-gcc -Wall -O0 -g3 -c -fmessage-length=0 -MT"src/main.o" -mcpu=cortex-a9 -mfpu=vfpv3 -mfloat-abi=hard -I../../odometry_v2_bsp/ps7_cortexa9_0/include -MMD -MP -MF"src/main.d" -MT"src/main.o" -o "src/main.o" "../src/main.c"
'Finished building: ../src/main.c'
' '
'Building target: odometry_v2.elf'
'Invoking: ARM v7 gcc linker'
arm-none-eabi-gcc -mcpu=cortex-a9 -mfpu=vfpv3 -mfloat-abi=hard -Wl,-build-id=none -specs=Xilinx.spec -Wl,-T -Wl,../src/lscript.ld -L../../odometry_v2_bsp/ps7_cortexa9_0/lib -o "odometry_v2.elf"  ./src/i2c.o ./src/main.o   -lm -Wl,--start-group,-lxil,-lgcc,-lc,--end-group
'Finished building target: odometry_v2.elf'
' '
'Invoking: ARM v7 Print Size'
arm-none-eabi-size odometry_v2.elf  |tee "odometry_v2.elf.size"
   text	   data	    bss	    dec	    hex	filename
  38704	   1144	  22568	  62416	   f3d0	odometry_v2.elf
'Finished building: odometry_v2.elf.size'
' '
13:46:06 **** Incremental Build of configuration Debug for project odometry_v2 ****
make pre-build main-build 
a9-linaro-pre-build-step
' '
make: Nothing to be done for `main-build'.
13:47:25 **** Auto Build of configuration Debug for project odometry_v2 ****
make pre-build main-build 
a9-linaro-pre-build-step
' '
'Building file: ../src/main.c'
'Invoking: ARM v7 gcc compiler'
arm-none-eabi-gcc -Wall -O0 -g3 -c -fmessage-length=0 -MT"src/main.o" -mcpu=cortex-a9 -mfpu=vfpv3 -mfloat-abi=hard -I../../odometry_v2_bsp/ps7_cortexa9_0/include -MMD -MP -MF"src/main.d" -MT"src/main.o" -o "src/main.o" "../src/main.c"
'Finished building: ../src/main.c'
' '
'Building target: odometry_v2.elf'
'Invoking: ARM v7 gcc linker'
arm-none-eabi-gcc -mcpu=cortex-a9 -mfpu=vfpv3 -mfloat-abi=hard -Wl,-build-id=none -specs=Xilinx.spec -Wl,-T -Wl,../src/lscript.ld -L../../odometry_v2_bsp/ps7_cortexa9_0/lib -o "odometry_v2.elf"  ./src/i2c.o ./src/main.o   -lm -Wl,--start-group,-lxil,-lgcc,-lc,--end-group
'Finished building target: odometry_v2.elf'
' '
'Invoking: ARM v7 Print Size'
arm-none-eabi-size odometry_v2.elf  |tee "odometry_v2.elf.size"
   text	   data	    bss	    dec	    hex	filename
  38704	   1144	  22568	  62416	   f3d0	odometry_v2.elf
'Finished building: odometry_v2.elf.size'
' '
13:47:35 **** Incremental Build of configuration Debug for project odometry_v2 ****
make pre-build main-build 
a9-linaro-pre-build-step
' '
make: Nothing to be done for `main-build'.
13:48:19 **** Incremental Build of configuration Debug for project odometry_v2 ****
make pre-build main-build 
a9-linaro-pre-build-step
' '
'Building file: ../src/main.c'
'Invoking: ARM v7 gcc compiler'
arm-none-eabi-gcc -Wall -O0 -g3 -c -fmessage-length=0 -MT"src/main.o" -mcpu=cortex-a9 -mfpu=vfpv3 -mfloat-abi=hard -I../../odometry_v2_bsp/ps7_cortexa9_0/include -MMD -MP -MF"src/main.d" -MT"src/main.o" -o "src/main.o" "../src/main.c"
'Finished building: ../src/main.c'
' '
'Building target: odometry_v2.elf'
'Invoking: ARM v7 gcc linker'
arm-none-eabi-gcc -mcpu=cortex-a9 -mfpu=vfpv3 -mfloat-abi=hard -Wl,-build-id=none -specs=Xilinx.spec -Wl,-T -Wl,../src/lscript.ld -L../../odometry_v2_bsp/ps7_cortexa9_0/lib -o "odometry_v2.elf"  ./src/i2c.o ./src/main.o   -lm -Wl,--start-group,-lxil,-lgcc,-lc,--end-group
'Finished building target: odometry_v2.elf'
' '
'Invoking: ARM v7 Print Size'
arm-none-eabi-size odometry_v2.elf  |tee "odometry_v2.elf.size"
   text	   data	    bss	    dec	    hex	filename
  38704	   1144	  22568	  62416	   f3d0	odometry_v2.elf
'Finished building: odometry_v2.elf.size'
' '
13:49:07 **** Incremental Build of configuration Debug for project odometry_v2 ****
make pre-build main-build 
a9-linaro-pre-build-step
' '
make: Nothing to be done for `main-build'.
13:50:17 **** Auto Build of configuration Debug for project odometry_v2 ****
make pre-build main-build 
a9-linaro-pre-build-step
' '
'Building file: ../src/main.c'
'Invoking: ARM v7 gcc compiler'
arm-none-eabi-gcc -Wall -O0 -g3 -c -fmessage-length=0 -MT"src/main.o" -mcpu=cortex-a9 -mfpu=vfpv3 -mfloat-abi=hard -I../../odometry_v2_bsp/ps7_cortexa9_0/include -MMD -MP -MF"src/main.d" -MT"src/main.o" -o "src/main.o" "../src/main.c"
'Finished building: ../src/main.c'
' '
'Building target: odometry_v2.elf'
'Invoking: ARM v7 gcc linker'
arm-none-eabi-gcc -mcpu=cortex-a9 -mfpu=vfpv3 -mfloat-abi=hard -Wl,-build-id=none -specs=Xilinx.spec -Wl,-T -Wl,../src/lscript.ld -L../../odometry_v2_bsp/ps7_cortexa9_0/lib -o "odometry_v2.elf"  ./src/i2c.o ./src/main.o   -lm -Wl,--start-group,-lxil,-lgcc,-lc,--end-group
'Finished building target: odometry_v2.elf'
' '
'Invoking: ARM v7 Print Size'
arm-none-eabi-size odometry_v2.elf  |tee "odometry_v2.elf.size"
   text	   data	    bss	    dec	    hex	filename
  38776	   1144	  22568	  62488	   f418	odometry_v2.elf
'Finished building: odometry_v2.elf.size'
' '
13:50:26 **** Auto Build of configuration Debug for project odometry_v2 ****
make pre-build main-build 
a9-linaro-pre-build-step
' '
'Building file: ../src/main.c'
'Invoking: ARM v7 gcc compiler'
arm-none-eabi-gcc -Wall -O0 -g3 -c -fmessage-length=0 -MT"src/main.o" -mcpu=cortex-a9 -mfpu=vfpv3 -mfloat-abi=hard -I../../odometry_v2_bsp/ps7_cortexa9_0/include -MMD -MP -MF"src/main.d" -MT"src/main.o" -o "src/main.o" "../src/main.c"
'Finished building: ../src/main.c'
' '
'Building target: odometry_v2.elf'
'Invoking: ARM v7 gcc linker'
arm-none-eabi-gcc -mcpu=cortex-a9 -mfpu=vfpv3 -mfloat-abi=hard -Wl,-build-id=none -specs=Xilinx.spec -Wl,-T -Wl,../src/lscript.ld -L../../odometry_v2_bsp/ps7_cortexa9_0/lib -o "odometry_v2.elf"  ./src/i2c.o ./src/main.o   -lm -Wl,--start-group,-lxil,-lgcc,-lc,--end-group
'Finished building target: odometry_v2.elf'
' '
'Invoking: ARM v7 Print Size'
arm-none-eabi-size odometry_v2.elf  |tee "odometry_v2.elf.size"
   text	   data	    bss	    dec	    hex	filename
  38712	   1144	  22568	  62424	   f3d8	odometry_v2.elf
'Finished building: odometry_v2.elf.size'
' '
13:50:29 **** Incremental Build of configuration Debug for project odometry_v2 ****
make pre-build main-build 
a9-linaro-pre-build-step
' '
make: Nothing to be done for `main-build'.
13:50:58 **** Incremental Build of configuration Debug for project odometry_v2 ****
make pre-build main-build 
a9-linaro-pre-build-step
' '
make: Nothing to be done for `main-build'.
13:51:23 **** Incremental Build of configuration Debug for project odometry_v2 ****
make pre-build main-build 
a9-linaro-pre-build-step
' '
make: Nothing to be done for `main-build'.
13:51:50 **** Incremental Build of configuration Debug for project odometry_v2 ****
make pre-build main-build 
a9-linaro-pre-build-step
' '
make: Nothing to be done for `main-build'.
13:52:52 **** Incremental Build of configuration Debug for project odometry_v2 ****
make pre-build main-build 
a9-linaro-pre-build-step
' '
make: Nothing to be done for `main-build'.
13:55:40 **** Incremental Build of configuration Debug for project odometry_v2 ****
make pre-build main-build 
a9-linaro-pre-build-step
' '
'Building file: ../src/main.c'
'Invoking: ARM v7 gcc compiler'
arm-none-eabi-gcc -Wall -O0 -g3 -c -fmessage-length=0 -MT"src/main.o" -mcpu=cortex-a9 -mfpu=vfpv3 -mfloat-abi=hard -I../../odometry_v2_bsp/ps7_cortexa9_0/include -MMD -MP -MF"src/main.d" -MT"src/main.o" -o "src/main.o" "../src/main.c"
'Finished building: ../src/main.c'
' '
'Building target: odometry_v2.elf'
'Invoking: ARM v7 gcc linker'
arm-none-eabi-gcc -mcpu=cortex-a9 -mfpu=vfpv3 -mfloat-abi=hard -Wl,-build-id=none -specs=Xilinx.spec -Wl,-T -Wl,../src/lscript.ld -L../../odometry_v2_bsp/ps7_cortexa9_0/lib -o "odometry_v2.elf"  ./src/i2c.o ./src/main.o   -lm -Wl,--start-group,-lxil,-lgcc,-lc,--end-group
'Finished building target: odometry_v2.elf'
' '
'Invoking: ARM v7 Print Size'
arm-none-eabi-size odometry_v2.elf  |tee "odometry_v2.elf.size"
   text	   data	    bss	    dec	    hex	filename
  38784	   1144	  22568	  62496	   f420	odometry_v2.elf
'Finished building: odometry_v2.elf.size'
' '
13:56:28 **** Incremental Build of configuration Debug for project odometry_v2 ****
make pre-build main-build 
a9-linaro-pre-build-step
' '
make: Nothing to be done for `main-build'.
13:58:09 **** Auto Build of configuration Debug for project odometry_v2 ****
make pre-build main-build 
a9-linaro-pre-build-step
' '
'Building file: ../src/main.c'
'Invoking: ARM v7 gcc compiler'
arm-none-eabi-gcc -Wall -O0 -g3 -c -fmessage-length=0 -MT"src/main.o" -mcpu=cortex-a9 -mfpu=vfpv3 -mfloat-abi=hard -I../../odometry_v2_bsp/ps7_cortexa9_0/include -MMD -MP -MF"src/main.d" -MT"src/main.o" -o "src/main.o" "../src/main.c"
'Finished building: ../src/main.c'
' '
'Building target: odometry_v2.elf'
'Invoking: ARM v7 gcc linker'
arm-none-eabi-gcc -mcpu=cortex-a9 -mfpu=vfpv3 -mfloat-abi=hard -Wl,-build-id=none -specs=Xilinx.spec -Wl,-T -Wl,../src/lscript.ld -L../../odometry_v2_bsp/ps7_cortexa9_0/lib -o "odometry_v2.elf"  ./src/i2c.o ./src/main.o   -lm -Wl,--start-group,-lxil,-lgcc,-lc,--end-group
'Finished building target: odometry_v2.elf'
' '
'Invoking: ARM v7 Print Size'
arm-none-eabi-size odometry_v2.elf  |tee "odometry_v2.elf.size"
   text	   data	    bss	    dec	    hex	filename
  38784	   1144	  22568	  62496	   f420	odometry_v2.elf
'Finished building: odometry_v2.elf.size'
' '
13:58:58 **** Incremental Build of configuration Debug for project odometry_v2 ****
make pre-build main-build 
a9-linaro-pre-build-step
' '
make: Nothing to be done for `main-build'.
13:59:28 **** Incremental Build of configuration Debug for project odometry_v2 ****
make pre-build main-build 
a9-linaro-pre-build-step
' '
make: Nothing to be done for `main-build'.
13:59:55 **** Incremental Build of configuration Debug for project odometry_v2 ****
make pre-build main-build 
a9-linaro-pre-build-step
' '
make: Nothing to be done for `main-build'.
14:01:05 **** Auto Build of configuration Debug for project odometry_v2 ****
make pre-build main-build 
a9-linaro-pre-build-step
' '
'Building file: ../src/main.c'
'Invoking: ARM v7 gcc compiler'
arm-none-eabi-gcc -Wall -O0 -g3 -c -fmessage-length=0 -MT"src/main.o" -mcpu=cortex-a9 -mfpu=vfpv3 -mfloat-abi=hard -I../../odometry_v2_bsp/ps7_cortexa9_0/include -MMD -MP -MF"src/main.d" -MT"src/main.o" -o "src/main.o" "../src/main.c"
'Finished building: ../src/main.c'
' '
'Building target: odometry_v2.elf'
'Invoking: ARM v7 gcc linker'
arm-none-eabi-gcc -mcpu=cortex-a9 -mfpu=vfpv3 -mfloat-abi=hard -Wl,-build-id=none -specs=Xilinx.spec -Wl,-T -Wl,../src/lscript.ld -L../../odometry_v2_bsp/ps7_cortexa9_0/lib -o "odometry_v2.elf"  ./src/i2c.o ./src/main.o   -lm -Wl,--start-group,-lxil,-lgcc,-lc,--end-group
'Finished building target: odometry_v2.elf'
' '
'Invoking: ARM v7 Print Size'
arm-none-eabi-size odometry_v2.elf  |tee "odometry_v2.elf.size"
   text	   data	    bss	    dec	    hex	filename
  38696	   1144	  22568	  62408	   f3c8	odometry_v2.elf
'Finished building: odometry_v2.elf.size'
' '
14:02:08 **** Auto Build of configuration Debug for project odometry_v2 ****
make pre-build main-build 
a9-linaro-pre-build-step
' '
'Building file: ../src/main.c'
'Invoking: ARM v7 gcc compiler'
arm-none-eabi-gcc -Wall -O0 -g3 -c -fmessage-length=0 -MT"src/main.o" -mcpu=cortex-a9 -mfpu=vfpv3 -mfloat-abi=hard -I../../odometry_v2_bsp/ps7_cortexa9_0/include -MMD -MP -MF"src/main.d" -MT"src/main.o" -o "src/main.o" "../src/main.c"
'Finished building: ../src/main.c'
' '
'Building target: odometry_v2.elf'
'Invoking: ARM v7 gcc linker'
arm-none-eabi-gcc -mcpu=cortex-a9 -mfpu=vfpv3 -mfloat-abi=hard -Wl,-build-id=none -specs=Xilinx.spec -Wl,-T -Wl,../src/lscript.ld -L../../odometry_v2_bsp/ps7_cortexa9_0/lib -o "odometry_v2.elf"  ./src/i2c.o ./src/main.o   -lm -Wl,--start-group,-lxil,-lgcc,-lc,--end-group
'Finished building target: odometry_v2.elf'
' '
'Invoking: ARM v7 Print Size'
arm-none-eabi-size odometry_v2.elf  |tee "odometry_v2.elf.size"
   text	   data	    bss	    dec	    hex	filename
  38696	   1144	  22568	  62408	   f3c8	odometry_v2.elf
'Finished building: odometry_v2.elf.size'
' '
14:02:12 **** Incremental Build of configuration Debug for project odometry_v2 ****
make pre-build main-build 
a9-linaro-pre-build-step
' '
make: Nothing to be done for `main-build'.
14:03:01 **** Incremental Build of configuration Debug for project odometry_v2 ****
make pre-build main-build 
a9-linaro-pre-build-step
' '
make: Nothing to be done for `main-build'.
14:08:22 **** Auto Build of configuration Debug for project odometry_v2 ****
make pre-build main-build 
a9-linaro-pre-build-step
' '
'Building file: ../src/main.c'
'Invoking: ARM v7 gcc compiler'
arm-none-eabi-gcc -Wall -O0 -g3 -c -fmessage-length=0 -MT"src/main.o" -mcpu=cortex-a9 -mfpu=vfpv3 -mfloat-abi=hard -I../../odometry_v2_bsp/ps7_cortexa9_0/include -MMD -MP -MF"src/main.d" -MT"src/main.o" -o "src/main.o" "../src/main.c"
../src/main.c: In function 'printfloat1':
../src/main.c:325:7: warning: unused variable 'signed_num' [-Wunused-variable]
  char signed_num = 0;
       ^~~~~~~~~~
'Finished building: ../src/main.c'
' '
'Building target: odometry_v2.elf'
'Invoking: ARM v7 gcc linker'
arm-none-eabi-gcc -mcpu=cortex-a9 -mfpu=vfpv3 -mfloat-abi=hard -Wl,-build-id=none -specs=Xilinx.spec -Wl,-T -Wl,../src/lscript.ld -L../../odometry_v2_bsp/ps7_cortexa9_0/lib -o "odometry_v2.elf"  ./src/i2c.o ./src/main.o   -lm -Wl,--start-group,-lxil,-lgcc,-lc,--end-group
'Finished building target: odometry_v2.elf'
' '
'Invoking: ARM v7 Print Size'
arm-none-eabi-size odometry_v2.elf  |tee "odometry_v2.elf.size"
   text	   data	    bss	    dec	    hex	filename
  38632	   1144	  22568	  62344	   f388	odometry_v2.elf
'Finished building: odometry_v2.elf.size'
' '
14:10:08 **** Auto Build of configuration Debug for project odometry_v2 ****
make pre-build main-build 
a9-linaro-pre-build-step
' '
'Building file: ../src/main.c'
'Invoking: ARM v7 gcc compiler'
arm-none-eabi-gcc -Wall -O0 -g3 -c -fmessage-length=0 -MT"src/main.o" -mcpu=cortex-a9 -mfpu=vfpv3 -mfloat-abi=hard -I../../odometry_v2_bsp/ps7_cortexa9_0/include -MMD -MP -MF"src/main.d" -MT"src/main.o" -o "src/main.o" "../src/main.c"
'Finished building: ../src/main.c'
' '
'Building target: odometry_v2.elf'
'Invoking: ARM v7 gcc linker'
arm-none-eabi-gcc -mcpu=cortex-a9 -mfpu=vfpv3 -mfloat-abi=hard -Wl,-build-id=none -specs=Xilinx.spec -Wl,-T -Wl,../src/lscript.ld -L../../odometry_v2_bsp/ps7_cortexa9_0/lib -o "odometry_v2.elf"  ./src/i2c.o ./src/main.o   -lm -Wl,--start-group,-lxil,-lgcc,-lc,--end-group
'Finished building target: odometry_v2.elf'
' '
'Invoking: ARM v7 Print Size'
arm-none-eabi-size odometry_v2.elf  |tee "odometry_v2.elf.size"
   text	   data	    bss	    dec	    hex	filename
  38784	   1144	  22568	  62496	   f420	odometry_v2.elf
'Finished building: odometry_v2.elf.size'
' '
14:10:29 **** Incremental Build of configuration Debug for project odometry_v2 ****
make pre-build main-build 
a9-linaro-pre-build-step
' '
make: Nothing to be done for `main-build'.
14:10:53 **** Incremental Build of configuration Debug for project odometry_v2 ****
make pre-build main-build 
a9-linaro-pre-build-step
' '
make: Nothing to be done for `main-build'.
14:11:53 **** Auto Build of configuration Debug for project odometry_v2 ****
make pre-build main-build 
a9-linaro-pre-build-step
' '
'Building file: ../src/main.c'
'Invoking: ARM v7 gcc compiler'
arm-none-eabi-gcc -Wall -O0 -g3 -c -fmessage-length=0 -MT"src/main.o" -mcpu=cortex-a9 -mfpu=vfpv3 -mfloat-abi=hard -I../../odometry_v2_bsp/ps7_cortexa9_0/include -MMD -MP -MF"src/main.d" -MT"src/main.o" -o "src/main.o" "../src/main.c"
../src/main.c: In function 'printfloat1':
../src/main.c:321:21: error: 'data' undeclared (first use in this function); did you mean 'atan'?
  int int_part= (int)data;
                     ^~~~
                     atan
../src/main.c:321:21: note: each undeclared identifier is reported only once for each function it appears in
make: *** [src/main.o] Error 1
14:12:36 **** Auto Build of configuration Debug for project odometry_v2 ****
make pre-build main-build 
a9-linaro-pre-build-step
' '
'Building file: ../src/main.c'
'Invoking: ARM v7 gcc compiler'
arm-none-eabi-gcc -Wall -O0 -g3 -c -fmessage-length=0 -MT"src/main.o" -mcpu=cortex-a9 -mfpu=vfpv3 -mfloat-abi=hard -I../../odometry_v2_bsp/ps7_cortexa9_0/include -MMD -MP -MF"src/main.d" -MT"src/main.o" -o "src/main.o" "../src/main.c"
'Finished building: ../src/main.c'
' '
'Building target: odometry_v2.elf'
'Invoking: ARM v7 gcc linker'
arm-none-eabi-gcc -mcpu=cortex-a9 -mfpu=vfpv3 -mfloat-abi=hard -Wl,-build-id=none -specs=Xilinx.spec -Wl,-T -Wl,../src/lscript.ld -L../../odometry_v2_bsp/ps7_cortexa9_0/lib -o "odometry_v2.elf"  ./src/i2c.o ./src/main.o   -lm -Wl,--start-group,-lxil,-lgcc,-lc,--end-group
'Finished building target: odometry_v2.elf'
' '
'Invoking: ARM v7 Print Size'
arm-none-eabi-size odometry_v2.elf  |tee "odometry_v2.elf.size"
   text	   data	    bss	    dec	    hex	filename
  38848	   1144	  22568	  62560	   f460	odometry_v2.elf
'Finished building: odometry_v2.elf.size'
' '
14:12:56 **** Incremental Build of configuration Debug for project odometry_v2 ****
make pre-build main-build 
a9-linaro-pre-build-step
' '
make: Nothing to be done for `main-build'.
14:14:09 **** Incremental Build of configuration Debug for project odometry_v2 ****
make pre-build main-build 
a9-linaro-pre-build-step
' '
'Building file: ../src/main.c'
'Invoking: ARM v7 gcc compiler'
arm-none-eabi-gcc -Wall -O0 -g3 -c -fmessage-length=0 -MT"src/main.o" -mcpu=cortex-a9 -mfpu=vfpv3 -mfloat-abi=hard -I../../odometry_v2_bsp/ps7_cortexa9_0/include -MMD -MP -MF"src/main.d" -MT"src/main.o" -o "src/main.o" "../src/main.c"
'Finished building: ../src/main.c'
' '
'Building target: odometry_v2.elf'
'Invoking: ARM v7 gcc linker'
arm-none-eabi-gcc -mcpu=cortex-a9 -mfpu=vfpv3 -mfloat-abi=hard -Wl,-build-id=none -specs=Xilinx.spec -Wl,-T -Wl,../src/lscript.ld -L../../odometry_v2_bsp/ps7_cortexa9_0/lib -o "odometry_v2.elf"  ./src/i2c.o ./src/main.o   -lm -Wl,--start-group,-lxil,-lgcc,-lc,--end-group
'Finished building target: odometry_v2.elf'
' '
'Invoking: ARM v7 Print Size'
arm-none-eabi-size odometry_v2.elf  |tee "odometry_v2.elf.size"
   text	   data	    bss	    dec	    hex	filename
  38824	   1144	  22568	  62536	   f448	odometry_v2.elf
'Finished building: odometry_v2.elf.size'
' '
14:14:26 **** Incremental Build of configuration Debug for project odometry_v2 ****
make pre-build main-build 
a9-linaro-pre-build-step
' '
make: Nothing to be done for `main-build'.
14:14:58 **** Incremental Build of configuration Debug for project odometry_v2 ****
make pre-build main-build 
a9-linaro-pre-build-step
' '
make: Nothing to be done for `main-build'.
14:16:16 **** Incremental Build of configuration Debug for project odometry_v2 ****
make pre-build main-build 
a9-linaro-pre-build-step
' '
'Building file: ../src/main.c'
'Invoking: ARM v7 gcc compiler'
arm-none-eabi-gcc -Wall -O0 -g3 -c -fmessage-length=0 -MT"src/main.o" -mcpu=cortex-a9 -mfpu=vfpv3 -mfloat-abi=hard -I../../odometry_v2_bsp/ps7_cortexa9_0/include -MMD -MP -MF"src/main.d" -MT"src/main.o" -o "src/main.o" "../src/main.c"
../src/main.c: In function 'main':
../src/main.c:170:9: warning: implicit declaration of function 'printfloat_pudding'; did you mean 'printfloat_data'? [-Wimplicit-function-declaration]
         printfloat_pudding(",", position.x,  position.y, position.z, "");
         ^~~~~~~~~~~~~~~~~~
         printfloat_data
../src/main.c: At top level:
../src/main.c:373:6: warning: conflicting types for 'printfloat_pudding'
 void printfloat_pudding(char* pre_string, float data1, float data2, float data3, char* post_string)
      ^~~~~~~~~~~~~~~~~~
../src/main.c:170:9: note: previous implicit declaration of 'printfloat_pudding' was here
         printfloat_pudding(",", position.x,  position.y, position.z, "");
         ^~~~~~~~~~~~~~~~~~
'Finished building: ../src/main.c'
' '
'Building target: odometry_v2.elf'
'Invoking: ARM v7 gcc linker'
arm-none-eabi-gcc -mcpu=cortex-a9 -mfpu=vfpv3 -mfloat-abi=hard -Wl,-build-id=none -specs=Xilinx.spec -Wl,-T -Wl,../src/lscript.ld -L../../odometry_v2_bsp/ps7_cortexa9_0/lib -o "odometry_v2.elf"  ./src/i2c.o ./src/main.o   -lm -Wl,--start-group,-lxil,-lgcc,-lc,--end-group
'Finished building target: odometry_v2.elf'
' '
'Invoking: ARM v7 Print Size'
arm-none-eabi-size odometry_v2.elf  |tee "odometry_v2.elf.size"
   text	   data	    bss	    dec	    hex	filename
  38960	   1144	  22568	  62672	   f4d0	odometry_v2.elf
'Finished building: odometry_v2.elf.size'
' '
14:17:23 **** Incremental Build of configuration Debug for project odometry_v2 ****
make pre-build main-build 
a9-linaro-pre-build-step
' '
make: Nothing to be done for `main-build'.
14:17:32 **** Incremental Build of configuration Debug for project odometry_v2 ****
make pre-build main-build 
a9-linaro-pre-build-step
' '
make: Nothing to be done for `main-build'.
14:18:00 **** Incremental Build of configuration Debug for project odometry_v2 ****
make pre-build main-build 
a9-linaro-pre-build-step
' '
make: Nothing to be done for `main-build'.
14:35:48 **** Incremental Build of configuration Debug for project odometry_v2 ****
make pre-build main-build 
a9-linaro-pre-build-step
' '
'Building file: ../src/main.c'
'Invoking: ARM v7 gcc compiler'
arm-none-eabi-gcc -Wall -O0 -g3 -c -fmessage-length=0 -MT"src/main.o" -mcpu=cortex-a9 -mfpu=vfpv3 -mfloat-abi=hard -I../../odometry_v2_bsp/ps7_cortexa9_0/include -MMD -MP -MF"src/main.d" -MT"src/main.o" -o "src/main.o" "../src/main.c"
../src/main.c: In function 'main':
../src/main.c:170:9: warning: implicit declaration of function 'printfloat_pudding'; did you mean 'printfloat_data'? [-Wimplicit-function-declaration]
         printfloat_pudding(",", position.x,  position.y, position.z, "");
         ^~~~~~~~~~~~~~~~~~
         printfloat_data
../src/main.c: At top level:
../src/main.c:374:6: warning: conflicting types for 'printfloat_pudding'
 void printfloat_pudding(char* pre_string, float data1, float data2, float data3, char* post_string)
      ^~~~~~~~~~~~~~~~~~
../src/main.c:170:9: note: previous implicit declaration of 'printfloat_pudding' was here
         printfloat_pudding(",", position.x,  position.y, position.z, "");
         ^~~~~~~~~~~~~~~~~~
'Finished building: ../src/main.c'
' '
'Building target: odometry_v2.elf'
'Invoking: ARM v7 gcc linker'
arm-none-eabi-gcc -mcpu=cortex-a9 -mfpu=vfpv3 -mfloat-abi=hard -Wl,-build-id=none -specs=Xilinx.spec -Wl,-T -Wl,../src/lscript.ld -L../../odometry_v2_bsp/ps7_cortexa9_0/lib -o "odometry_v2.elf"  ./src/i2c.o ./src/main.o   -lm -Wl,--start-group,-lxil,-lgcc,-lc,--end-group
'Finished building target: odometry_v2.elf'
' '
'Invoking: ARM v7 Print Size'
arm-none-eabi-size odometry_v2.elf  |tee "odometry_v2.elf.size"
   text	   data	    bss	    dec	    hex	filename
  38960	   1144	  22568	  62672	   f4d0	odometry_v2.elf
'Finished building: odometry_v2.elf.size'
' '
14:36:20 **** Incremental Build of configuration Debug for project odometry_v2 ****
make pre-build main-build 
a9-linaro-pre-build-step
' '
make: Nothing to be done for `main-build'.
14:39:01 **** Auto Build of configuration Debug for project odometry_v2 ****
make pre-build main-build 
a9-linaro-pre-build-step
' '
'Building file: ../src/main.c'
'Invoking: ARM v7 gcc compiler'
arm-none-eabi-gcc -Wall -O0 -g3 -c -fmessage-length=0 -MT"src/main.o" -mcpu=cortex-a9 -mfpu=vfpv3 -mfloat-abi=hard -I../../odometry_v2_bsp/ps7_cortexa9_0/include -MMD -MP -MF"src/main.d" -MT"src/main.o" -o "src/main.o" "../src/main.c"
'Finished building: ../src/main.c'
' '
'Building target: odometry_v2.elf'
'Invoking: ARM v7 gcc linker'
arm-none-eabi-gcc -mcpu=cortex-a9 -mfpu=vfpv3 -mfloat-abi=hard -Wl,-build-id=none -specs=Xilinx.spec -Wl,-T -Wl,../src/lscript.ld -L../../odometry_v2_bsp/ps7_cortexa9_0/lib -o "odometry_v2.elf"  ./src/i2c.o ./src/main.o   -lm -Wl,--start-group,-lxil,-lgcc,-lc,--end-group
'Finished building target: odometry_v2.elf'
' '
'Invoking: ARM v7 Print Size'
arm-none-eabi-size odometry_v2.elf  |tee "odometry_v2.elf.size"
   text	   data	    bss	    dec	    hex	filename
  38952	   1144	  22568	  62664	   f4c8	odometry_v2.elf
'Finished building: odometry_v2.elf.size'
' '
14:39:02 **** Incremental Build of configuration Debug for project odometry_v2 ****
make pre-build main-build 
a9-linaro-pre-build-step
' '
make: Nothing to be done for `main-build'.
14:39:34 **** Incremental Build of configuration Debug for project odometry_v2 ****
make pre-build main-build 
a9-linaro-pre-build-step
' '
make: Nothing to be done for `main-build'.
